<?xml version="1.0" encoding="UTF-8"?>
<testng-results ignored="0" total="0" passed="0" failed="0" skipped="0">
  <reporter-output>
  </reporter-output>
  <suite started-at="2023-06-04T01:52:01 IST" name="Surefire suite" finished-at="2023-06-04T01:52:08 IST" duration-ms="7089">
    <groups>
    </groups>
    <test started-at="2023-06-04T01:52:01 IST" name="Surefire test" finished-at="2023-06-04T01:52:08 IST" duration-ms="7089">
    </test> <!-- Surefire test -->
  </suite> <!-- Surefire suite -->
</testng-results>
