<?xml version="1.0" encoding="UTF-8"?>
<testsuite xmlns:xsi="http://www.w3.org/2001/XMLSchema-instance" xsi:noNamespaceSchemaLocation="https://maven.apache.org/surefire/maven-surefire-plugin/xsd/surefire-test-report.xsd" name="Runner.TestRunner2024" time="92.561" tests="9" errors="0" skipped="0" failures="9">
  <properties>
[...]
</properties>
  <testcase name="runScenario" classname="Runner.TestRunner2024" time="25.304">
    <failure message="no such element: Unable to locate element: {&quot;method&quot;:&quot;xpath&quot;,&quot;selector&quot;:&quot;//*[@class=&apos;alert alert-success alert-dismissable&apos;]&quot;}&#10;  (Session info: chrome=114.0.5735.110)&#10;For documentation on this error, please visit: https://selenium.dev/exceptions/#no_such_element&#10;Build info: version: &apos;4.8.3&apos;, revision: &apos;e5e76298c3&apos;&#10;System info: os.name: &apos;Windows 11&apos;, os.arch: &apos;amd64&apos;, os.version: &apos;10.0&apos;, java.version: &apos;17.0.7&apos;&#10;Driver info: org.openqa.selenium.chrome.ChromeDriver&#10;Command: [aefe285a60ccb8ebb4d0c5a2f54ef586, findElement {using=xpath, value=//*[@class=&apos;alert alert-success alert-dismissable&apos;]}]&#10;Capabilities {acceptInsecureCerts: false, browserName: chrome, browserVersion: 114.0.5735.110, chrome: {chromedriverVersion: 114.0.5735.90 (386bc09e8f4f..., userDataDir: C:\Users\ABHINAV\AppData\Lo...}, goog:chromeOptions: {debuggerAddress: localhost:57992}, networkConnectionEnabled: false, pageLoadStrategy: normal, platformName: WINDOWS, proxy: Proxy(), se:cdp: ws://localhost:57992/devtoo..., se:cdpVersion: 114.0.5735.110, setWindowRect: true, strictFileInteractability: false, timeouts: {implicit: 0, pageLoad: 300000, script: 30000}, unhandledPromptBehavior: dismiss and notify, webauthn:extension:credBlob: true, webauthn:extension:largeBlob: true, webauthn:extension:minPinLength: true, webauthn:extension:prf: true, webauthn:virtualAuthenticators: true}&#10;Session ID: aefe285a60ccb8ebb4d0c5a2f54ef586" type="org.openqa.selenium.NoSuchElementException">org.openqa.selenium.NoSuchElementException: 
no such element: Unable to locate element: {"method":"xpath","selector":"//*[@class='alert alert-success alert-dismissable']"}
  (Session info: chrome=114.0.5735.110)
For documentation on this error, please visit: https://selenium.dev/exceptions/#no_such_element
Build info: version: '4.8.3', revision: 'e5e76298c3'
System info: os.name: 'Windows 11', os.arch: 'amd64', os.version: '10.0', java.version: '17.0.7'
Driver info: org.openqa.selenium.chrome.ChromeDriver
Command: [aefe285a60ccb8ebb4d0c5a2f54ef586, findElement {using=xpath, value=//*[@class='alert alert-success alert-dismissable']}]
Capabilities {acceptInsecureCerts: false, browserName: chrome, browserVersion: 114.0.5735.110, chrome: {chromedriverVersion: 114.0.5735.90 (386bc09e8f4f..., userDataDir: C:\Users\ABHINAV\AppData\Lo...}, goog:chromeOptions: {debuggerAddress: localhost:57992}, networkConnectionEnabled: false, pageLoadStrategy: normal, platformName: WINDOWS, proxy: Proxy(), se:cdp: ws://localhost:57992/devtoo..., se:cdpVersion: 114.0.5735.110, setWindowRect: true, strictFileInteractability: false, timeouts: {implicit: 0, pageLoad: 300000, script: 30000}, unhandledPromptBehavior: dismiss and notify, webauthn:extension:credBlob: true, webauthn:extension:largeBlob: true, webauthn:extension:minPinLength: true, webauthn:extension:prf: true, webauthn:virtualAuthenticators: true}
Session ID: aefe285a60ccb8ebb4d0c5a2f54ef586
</failure>
    <system-out><![CDATA[
Scenario Outline: Add new customer                                                                                                                       &amp#27;[90m# Feature/Customer.feature:21&amp#27;[0m
[DEBUG] Resolution chrome=114 in cache (valid until 00:14:31 14/06/2023 IST)
[DEBUG] Resolution chrome114=114.0.5735.90 in cache (valid until 22:13:20 14/06/2023 IST)
[INFO] Using chromedriver 114.0.5735.90 (resolved driver for Chrome 114)
[DEBUG] Driver chromedriver 114.0.5735.90 found in cache
[INFO] Exporting webdriver.chrome.driver as C:\Users\ABHINAV\.cache\selenium\chromedriver\win32\114.0.5735.90\chromedriver.exe
[DEBUG] Using SLF4J as the default logging framework
[DEBUG] -Dio.netty.leakDetection.level: simple
[DEBUG] -Dio.netty.leakDetection.targetRecords: 4
[DEBUG] Loaded default ResourceLeakDetector: io.netty.util.ResourceLeakDetector@363a3d15
[DEBUG] -Dio.netty.noUnsafe: false
[DEBUG] Java version: 17
[DEBUG] sun.misc.Unsafe.theUnsafe: available
[DEBUG] sun.misc.Unsafe.copyMemory: available
[DEBUG] sun.misc.Unsafe.storeFence: available
[DEBUG] java.nio.Buffer.address: available
[DEBUG] direct buffer constructor: unavailable: Reflective setAccessible(true) disabled
[DEBUG] java.nio.Bits.unaligned: available, true
[DEBUG] jdk.internal.misc.Unsafe.allocateUninitializedArray(int): unavailable: class io.netty.util.internal.PlatformDependent0$7 cannot access class jdk.internal.misc.Unsafe (in module java.base) because module java.base does not export jdk.internal.misc to unnamed module @4cc0edeb
[DEBUG] java.nio.DirectByteBuffer.<init>(long, int): unavailable
[DEBUG] sun.misc.Unsafe: available
[DEBUG] maxDirectMemory: 4120903680 bytes (maybe)
[DEBUG] -Dio.netty.tmpdir: C:\Users\ABHINAV\AppData\Local\Temp (java.io.tmpdir)
[DEBUG] -Dio.netty.bitMode: 64 (sun.arch.data.model)
[DEBUG] Platform: Windows
[DEBUG] -Dio.netty.maxDirectMemory: -1 bytes
[DEBUG] -Dio.netty.uninitializedArrayAllocationThreshold: -1
[DEBUG] java.nio.ByteBuffer.cleaner(): available
[DEBUG] -Dio.netty.noPreferDirect: false
[DEBUG] org.jctools-core.MpscChunkedArrayQueue: available
[DEBUG] -Dio.netty.threadLocalMap.stringBuilder.initialSize: 1024
[DEBUG] -Dio.netty.threadLocalMap.stringBuilder.maxSize: 4096
[DEBUG] Default protocols (JDK): [TLSv1.3, TLSv1.2] 
[DEBUG] Default cipher suites (JDK): [TLS_ECDHE_ECDSA_WITH_AES_256_GCM_SHA384, TLS_ECDHE_ECDSA_WITH_AES_128_GCM_SHA256, TLS_ECDHE_RSA_WITH_AES_128_GCM_SHA256, TLS_ECDHE_RSA_WITH_AES_256_GCM_SHA384, TLS_ECDHE_RSA_WITH_AES_128_CBC_SHA, TLS_ECDHE_RSA_WITH_AES_256_CBC_SHA, TLS_RSA_WITH_AES_128_GCM_SHA256, TLS_RSA_WITH_AES_128_CBC_SHA, TLS_RSA_WITH_AES_256_CBC_SHA, TLS_AES_128_GCM_SHA256, TLS_AES_256_GCM_SHA384]
[DEBUG] -Dio.netty.globalEventExecutor.quietPeriodSeconds: 1
[DEBUG] -Dio.netty.eventLoopThreads: 24
[DEBUG] -Dio.netty.noKeySetOptimization: false
[DEBUG] -Dio.netty.selectorAutoRebuildThreshold: 512
[DEBUG] -Dio.netty.allocator.numHeapArenas: 24
[DEBUG] -Dio.netty.allocator.numDirectArenas: 24
[DEBUG] -Dio.netty.allocator.pageSize: 8192
[DEBUG] -Dio.netty.allocator.maxOrder: 9
[DEBUG] -Dio.netty.allocator.chunkSize: 4194304
[DEBUG] -Dio.netty.allocator.smallCacheSize: 256
[DEBUG] -Dio.netty.allocator.normalCacheSize: 64
[DEBUG] -Dio.netty.allocator.maxCachedBufferCapacity: 32768
[DEBUG] -Dio.netty.allocator.cacheTrimInterval: 8192
[DEBUG] -Dio.netty.allocator.cacheTrimIntervalMillis: 0
[DEBUG] -Dio.netty.allocator.useCacheForAllThreads: false
[DEBUG] -Dio.netty.allocator.maxCachedByteBuffersPerChunk: 1023
[DEBUG] -Dio.netty.allocator.type: pooled
[DEBUG] -Dio.netty.threadLocalDirectBufferSize: 0
[DEBUG] -Dio.netty.maxThreadLocalCharBufferSize: 16384
[DEBUG] -Dio.netty.processId: 18812 (auto-detected)
[DEBUG] -Djava.net.preferIPv4Stack: false
[DEBUG] -Djava.net.preferIPv6Addresses: false
[DEBUG] Loopback interface: lo (Software Loopback Interface 1, 127.0.0.1)
[DEBUG] Failed to get SOMAXCONN from sysctl and file \proc\sys\net\core\somaxconn. Default: 200
[DEBUG] -Dio.netty.machineId: 50:c2:e8:ff:fe:1b:13:43 (auto-detected)
[DEBUG] -Dio.netty.buffer.checkAccessible: true
[DEBUG] -Dio.netty.buffer.checkBounds: true
[DEBUG] Loaded default ResourceLeakDetector: io.netty.util.ResourceLeakDetector@1492487a
[DEBUG] Using new Channel '[id: 0x9fdc9792, L:/127.0.0.1:57991 - R:localhost/127.0.0.1:38318]' for 'POST' to '/session'
[DEBUG] -Dio.netty.recycler.maxCapacityPerThread: 4096
[DEBUG] -Dio.netty.recycler.ratio: 8
[DEBUG] -Dio.netty.recycler.chunkSize: 32
[DEBUG] -Dio.netty.recycler.blocking: false
[DEBUG] -Dio.netty.recycler.batchFastThreadLocalOnly: true
[DEBUG] brotli4j not in the classpath; Brotli support will be unavailable.
[DEBUG] 

Request DefaultHttpRequest(decodeResult: success, version: HTTP/1.1)
POST /session HTTP/1.1
User-Agent: selenium/4.8.3 (java windows)
Content-Length: 439
Content-Type: application/json; charset=utf-8
host: localhost:38318
accept: */*

Response DefaultHttpResponse(decodeResult: success, version: HTTP/1.1)
HTTP/1.1 200 OK
Content-Length: 863
Content-Type: application/json; charset=utf-8
cache-control: no-cache

[DEBUG] Adding key: http://localhost:38318 for channel [id: 0x9fdc9792, L:/127.0.0.1:57991 - R:localhost/127.0.0.1:38318]
[DEBUG] Using new Channel '[id: 0x919d0da0, L:/127.0.0.1:57999 - R:localhost/127.0.0.1:57992]' for 'GET' to '/json/version'
[DEBUG] 

Request DefaultFullHttpRequest(decodeResult: success, version: HTTP/1.1, content: EmptyByteBufBE)
GET /json/version HTTP/1.1
User-Agent: selenium/4.8.3 (java windows)
host: localhost:57992
accept: */*

Response DefaultHttpResponse(decodeResult: success, version: HTTP/1.1)
HTTP/1.1 200 OK
Content-Security-Policy: frame-ancestors 'none'
Content-Length: 424
Content-Type: application/json; charset=UTF-8

[DEBUG] Adding key: http://localhost:57992 for channel [id: 0x919d0da0, L:/127.0.0.1:57999 - R:localhost/127.0.0.1:57992]
[DEBUG] -Dio.netty.initialSeedUniquifier: 0x0ab968c92386451d
[DEBUG] Using new Channel '[id: 0x59964c33, L:/127.0.0.1:58000 - R:localhost/127.0.0.1:57992]' for 'GET' to '/devtools/browser/78fbd6e0-89b3-4735-ae69-da2b74f83eb9'
[DEBUG] 

Request DefaultFullHttpRequest(decodeResult: success, version: HTTP/1.1, content: EmptyByteBufBE)
GET /devtools/browser/78fbd6e0-89b3-4735-ae69-da2b74f83eb9 HTTP/1.1
upgrade: websocket
connection: upgrade
sec-websocket-key: VQp+kZe0IMbWR6UIop1veQ==
sec-websocket-version: 13
origin: http://localhost:57992
host: localhost:57992
accept: */*
user-agent: AHC/2.1

Response DefaultHttpResponse(decodeResult: success, version: HTTP/1.1)
HTTP/1.1 101 WebSocket Protocol Handshake
Upgrade: WebSocket
Connection: Upgrade
Sec-WebSocket-Accept: I5hVOeMvdMGYh8ZRvD4CYvndd/g=

[DEBUG] Using pooled Channel '[id: 0x9fdc9792, L:/127.0.0.1:57991 - R:localhost/127.0.0.1:38318]' for 'DELETE' to 'http://localhost:38318/session/aefe285a60ccb8ebb4d0c5a2f54ef586/cookie'
[DEBUG] Using open Channel [id: 0x9fdc9792, L:/127.0.0.1:57991 - R:localhost/127.0.0.1:38318] for DELETE '/session/aefe285a60ccb8ebb4d0c5a2f54ef586/cookie'
[DEBUG] 

Request DefaultFullHttpRequest(decodeResult: success, version: HTTP/1.1, content: EmptyByteBufBE)
DELETE /session/aefe285a60ccb8ebb4d0c5a2f54ef586/cookie HTTP/1.1
User-Agent: selenium/4.8.3 (java windows)
Content-Type: application/json; charset=utf-8
host: localhost:38318
accept: */*

Response DefaultHttpResponse(decodeResult: success, version: HTTP/1.1)
HTTP/1.1 200 OK
Content-Length: 14
Content-Type: application/json; charset=utf-8
cache-control: no-cache

[DEBUG] Adding key: http://localhost:38318 for channel [id: 0x9fdc9792, L:/127.0.0.1:57991 - R:localhost/127.0.0.1:38318]
[DEBUG] Using pooled Channel '[id: 0x9fdc9792, L:/127.0.0.1:57991 - R:localhost/127.0.0.1:38318]' for 'POST' to 'http://localhost:38318/session/aefe285a60ccb8ebb4d0c5a2f54ef586/window/maximize'
[DEBUG] Using open Channel [id: 0x9fdc9792, L:/127.0.0.1:57991 - R:localhost/127.0.0.1:38318] for POST '/session/aefe285a60ccb8ebb4d0c5a2f54ef586/window/maximize'
[DEBUG] 

Request DefaultHttpRequest(decodeResult: success, version: HTTP/1.1)
POST /session/aefe285a60ccb8ebb4d0c5a2f54ef586/window/maximize HTTP/1.1
User-Agent: selenium/4.8.3 (java windows)
Content-Length: 3
Content-Type: application/json; charset=utf-8
host: localhost:38318
accept: */*

Response DefaultHttpResponse(decodeResult: success, version: HTTP/1.1)
HTTP/1.1 200 OK
Content-Length: 51
Content-Type: application/json; charset=utf-8
cache-control: no-cache

[DEBUG] Adding key: http://localhost:38318 for channel [id: 0x9fdc9792, L:/127.0.0.1:57991 - R:localhost/127.0.0.1:38318]
[DEBUG] Using pooled Channel '[id: 0x9fdc9792, L:/127.0.0.1:57991 - R:localhost/127.0.0.1:38318]' for 'POST' to 'http://localhost:38318/session/aefe285a60ccb8ebb4d0c5a2f54ef586/timeouts'
[DEBUG] Using open Channel [id: 0x9fdc9792, L:/127.0.0.1:57991 - R:localhost/127.0.0.1:38318] for POST '/session/aefe285a60ccb8ebb4d0c5a2f54ef586/timeouts'
[DEBUG] 

Request DefaultHttpRequest(decodeResult: success, version: HTTP/1.1)
POST /session/aefe285a60ccb8ebb4d0c5a2f54ef586/timeouts HTTP/1.1
User-Agent: selenium/4.8.3 (java windows)
Content-Length: 23
Content-Type: application/json; charset=utf-8
host: localhost:38318
accept: */*

Response DefaultHttpResponse(decodeResult: success, version: HTTP/1.1)
HTTP/1.1 200 OK
Content-Length: 14
Content-Type: application/json; charset=utf-8
cache-control: no-cache

[DEBUG] Adding key: http://localhost:38318 for channel [id: 0x9fdc9792, L:/127.0.0.1:57991 - R:localhost/127.0.0.1:38318]
  &amp#27;[32mGiven &amp#27;[0m&amp#27;[32mUser launch chrome browser&amp#27;[0m                                                                                                                       &amp#27;[90m# stepDefinition.Login.user_launch_chrome_browser()&amp#27;[0m
[DEBUG] Using pooled Channel '[id: 0x9fdc9792, L:/127.0.0.1:57991 - R:localhost/127.0.0.1:38318]' for 'POST' to 'http://localhost:38318/session/aefe285a60ccb8ebb4d0c5a2f54ef586/url'
[DEBUG] Using open Channel [id: 0x9fdc9792, L:/127.0.0.1:57991 - R:localhost/127.0.0.1:38318] for POST '/session/aefe285a60ccb8ebb4d0c5a2f54ef586/url'
[DEBUG] Entry count for : http://localhost:57992 : 1
[DEBUG] 

Request DefaultHttpRequest(decodeResult: success, version: HTTP/1.1)
POST /session/aefe285a60ccb8ebb4d0c5a2f54ef586/url HTTP/1.1
User-Agent: selenium/4.8.3 (java windows)
Content-Length: 70
Content-Type: application/json; charset=utf-8
host: localhost:38318
accept: */*

Response DefaultHttpResponse(decodeResult: success, version: HTTP/1.1)
HTTP/1.1 200 OK
Content-Length: 14
Content-Type: application/json; charset=utf-8
cache-control: no-cache

[DEBUG] Adding key: http://localhost:38318 for channel [id: 0x9fdc9792, L:/127.0.0.1:57991 - R:localhost/127.0.0.1:38318]
[DEBUG] Using pooled Channel '[id: 0x9fdc9792, L:/127.0.0.1:57991 - R:localhost/127.0.0.1:38318]' for 'GET' to 'http://localhost:38318/session/aefe285a60ccb8ebb4d0c5a2f54ef586/title'
[DEBUG] Using open Channel [id: 0x9fdc9792, L:/127.0.0.1:57991 - R:localhost/127.0.0.1:38318] for GET '/session/aefe285a60ccb8ebb4d0c5a2f54ef586/title'
[DEBUG] 

Request DefaultFullHttpRequest(decodeResult: success, version: HTTP/1.1, content: EmptyByteBufBE)
GET /session/aefe285a60ccb8ebb4d0c5a2f54ef586/title HTTP/1.1
User-Agent: selenium/4.8.3 (java windows)
Cache-Control: no-cache
Content-Type: application/json; charset=utf-8
host: localhost:38318
accept: */*

Response DefaultHttpResponse(decodeResult: success, version: HTTP/1.1)
HTTP/1.1 200 OK
Content-Length: 29
Content-Type: application/json; charset=utf-8
cache-control: no-cache

[DEBUG] Adding key: http://localhost:38318 for channel [id: 0x9fdc9792, L:/127.0.0.1:57991 - R:localhost/127.0.0.1:38318]
  &amp#27;[32mWhen &amp#27;[0m&amp#27;[32mUser opens URL &amp#27;[0m&amp#27;[32m&amp#27;[1m"https://admin-demo.nopcommerce.com/login"&amp#27;[0m                                                                                         &amp#27;[90m# stepDefinition.Login.user_opens_url(java.lang.String)&amp#27;[0m
[DEBUG] Using pooled Channel '[id: 0x9fdc9792, L:/127.0.0.1:57991 - R:localhost/127.0.0.1:38318]' for 'POST' to 'http://localhost:38318/session/aefe285a60ccb8ebb4d0c5a2f54ef586/element'
[DEBUG] Using open Channel [id: 0x9fdc9792, L:/127.0.0.1:57991 - R:localhost/127.0.0.1:38318] for POST '/session/aefe285a60ccb8ebb4d0c5a2f54ef586/element'
[DEBUG] 

Request DefaultHttpRequest(decodeResult: success, version: HTTP/1.1)
POST /session/aefe285a60ccb8ebb4d0c5a2f54ef586/element HTTP/1.1
User-Agent: selenium/4.8.3 (java windows)
Content-Length: 67
Content-Type: application/json; charset=utf-8
host: localhost:38318
accept: */*

Response DefaultHttpResponse(decodeResult: success, version: HTTP/1.1)
HTTP/1.1 200 OK
Content-Length: 94
Content-Type: application/json; charset=utf-8
cache-control: no-cache

[DEBUG] Adding key: http://localhost:38318 for channel [id: 0x9fdc9792, L:/127.0.0.1:57991 - R:localhost/127.0.0.1:38318]
[DEBUG] Using pooled Channel '[id: 0x9fdc9792, L:/127.0.0.1:57991 - R:localhost/127.0.0.1:38318]' for 'POST' to 'http://localhost:38318/session/aefe285a60ccb8ebb4d0c5a2f54ef586/element/3A99A16E6BCFF948B7653644F05D8C95_element_2/clear'
[DEBUG] Using open Channel [id: 0x9fdc9792, L:/127.0.0.1:57991 - R:localhost/127.0.0.1:38318] for POST '/session/aefe285a60ccb8ebb4d0c5a2f54ef586/element/3A99A16E6BCFF948B7653644F05D8C95_element_2/clear'
[DEBUG] 

Request DefaultHttpRequest(decodeResult: success, version: HTTP/1.1)
POST /session/aefe285a60ccb8ebb4d0c5a2f54ef586/element/3A99A16E6BCFF948B7653644F05D8C95_element_2/clear HTTP/1.1
User-Agent: selenium/4.8.3 (java windows)
Content-Length: 56
Content-Type: application/json; charset=utf-8
host: localhost:38318
accept: */*

Response DefaultHttpResponse(decodeResult: success, version: HTTP/1.1)
HTTP/1.1 200 OK
Content-Length: 14
Content-Type: application/json; charset=utf-8
cache-control: no-cache

[DEBUG] Adding key: http://localhost:38318 for channel [id: 0x9fdc9792, L:/127.0.0.1:57991 - R:localhost/127.0.0.1:38318]
[DEBUG] Using pooled Channel '[id: 0x9fdc9792, L:/127.0.0.1:57991 - R:localhost/127.0.0.1:38318]' for 'POST' to 'http://localhost:38318/session/aefe285a60ccb8ebb4d0c5a2f54ef586/element'
[DEBUG] Using open Channel [id: 0x9fdc9792, L:/127.0.0.1:57991 - R:localhost/127.0.0.1:38318] for POST '/session/aefe285a60ccb8ebb4d0c5a2f54ef586/element'
[DEBUG] 

Request DefaultHttpRequest(decodeResult: success, version: HTTP/1.1)
POST /session/aefe285a60ccb8ebb4d0c5a2f54ef586/element HTTP/1.1
User-Agent: selenium/4.8.3 (java windows)
Content-Length: 67
Content-Type: application/json; charset=utf-8
host: localhost:38318
accept: */*

Response DefaultHttpResponse(decodeResult: success, version: HTTP/1.1)
HTTP/1.1 200 OK
Content-Length: 94
Content-Type: application/json; charset=utf-8
cache-control: no-cache

[DEBUG] Adding key: http://localhost:38318 for channel [id: 0x9fdc9792, L:/127.0.0.1:57991 - R:localhost/127.0.0.1:38318]
[DEBUG] Using pooled Channel '[id: 0x9fdc9792, L:/127.0.0.1:57991 - R:localhost/127.0.0.1:38318]' for 'POST' to 'http://localhost:38318/session/aefe285a60ccb8ebb4d0c5a2f54ef586/element/3A99A16E6BCFF948B7653644F05D8C95_element_2/value'
[DEBUG] Using open Channel [id: 0x9fdc9792, L:/127.0.0.1:57991 - R:localhost/127.0.0.1:38318] for POST '/session/aefe285a60ccb8ebb4d0c5a2f54ef586/element/3A99A16E6BCFF948B7653644F05D8C95_element_2/value'
[DEBUG] Entry count for : http://localhost:57992 : 1
[DEBUG] 

Request DefaultHttpRequest(decodeResult: success, version: HTTP/1.1)
POST /session/aefe285a60ccb8ebb4d0c5a2f54ef586/element/3A99A16E6BCFF948B7653644F05D8C95_element_2/value HTTP/1.1
User-Agent: selenium/4.8.3 (java windows)
Content-Length: 277
Content-Type: application/json; charset=utf-8
host: localhost:38318
accept: */*

Response DefaultHttpResponse(decodeResult: success, version: HTTP/1.1)
HTTP/1.1 200 OK
Content-Length: 14
Content-Type: application/json; charset=utf-8
cache-control: no-cache

[DEBUG] Adding key: http://localhost:38318 for channel [id: 0x9fdc9792, L:/127.0.0.1:57991 - R:localhost/127.0.0.1:38318]
[DEBUG] Using pooled Channel '[id: 0x9fdc9792, L:/127.0.0.1:57991 - R:localhost/127.0.0.1:38318]' for 'POST' to 'http://localhost:38318/session/aefe285a60ccb8ebb4d0c5a2f54ef586/element'
[DEBUG] Using open Channel [id: 0x9fdc9792, L:/127.0.0.1:57991 - R:localhost/127.0.0.1:38318] for POST '/session/aefe285a60ccb8ebb4d0c5a2f54ef586/element'
[DEBUG] 

Request DefaultHttpRequest(decodeResult: success, version: HTTP/1.1)
POST /session/aefe285a60ccb8ebb4d0c5a2f54ef586/element HTTP/1.1
User-Agent: selenium/4.8.3 (java windows)
Content-Length: 70
Content-Type: application/json; charset=utf-8
host: localhost:38318
accept: */*

Response DefaultHttpResponse(decodeResult: success, version: HTTP/1.1)
HTTP/1.1 200 OK
Content-Length: 94
Content-Type: application/json; charset=utf-8
cache-control: no-cache

[DEBUG] Adding key: http://localhost:38318 for channel [id: 0x9fdc9792, L:/127.0.0.1:57991 - R:localhost/127.0.0.1:38318]
[DEBUG] Using pooled Channel '[id: 0x9fdc9792, L:/127.0.0.1:57991 - R:localhost/127.0.0.1:38318]' for 'POST' to 'http://localhost:38318/session/aefe285a60ccb8ebb4d0c5a2f54ef586/element/3A99A16E6BCFF948B7653644F05D8C95_element_6/clear'
[DEBUG] Using open Channel [id: 0x9fdc9792, L:/127.0.0.1:57991 - R:localhost/127.0.0.1:38318] for POST '/session/aefe285a60ccb8ebb4d0c5a2f54ef586/element/3A99A16E6BCFF948B7653644F05D8C95_element_6/clear'
[DEBUG] 

Request DefaultHttpRequest(decodeResult: success, version: HTTP/1.1)
POST /session/aefe285a60ccb8ebb4d0c5a2f54ef586/element/3A99A16E6BCFF948B7653644F05D8C95_element_6/clear HTTP/1.1
User-Agent: selenium/4.8.3 (java windows)
Content-Length: 56
Content-Type: application/json; charset=utf-8
host: localhost:38318
accept: */*

Response DefaultHttpResponse(decodeResult: success, version: HTTP/1.1)
HTTP/1.1 200 OK
Content-Length: 14
Content-Type: application/json; charset=utf-8
cache-control: no-cache

[DEBUG] Adding key: http://localhost:38318 for channel [id: 0x9fdc9792, L:/127.0.0.1:57991 - R:localhost/127.0.0.1:38318]
[DEBUG] Using pooled Channel '[id: 0x9fdc9792, L:/127.0.0.1:57991 - R:localhost/127.0.0.1:38318]' for 'POST' to 'http://localhost:38318/session/aefe285a60ccb8ebb4d0c5a2f54ef586/element'
[DEBUG] Using open Channel [id: 0x9fdc9792, L:/127.0.0.1:57991 - R:localhost/127.0.0.1:38318] for POST '/session/aefe285a60ccb8ebb4d0c5a2f54ef586/element'
[DEBUG] 

Request DefaultHttpRequest(decodeResult: success, version: HTTP/1.1)
POST /session/aefe285a60ccb8ebb4d0c5a2f54ef586/element HTTP/1.1
User-Agent: selenium/4.8.3 (java windows)
Content-Length: 70
Content-Type: application/json; charset=utf-8
host: localhost:38318
accept: */*

Response DefaultHttpResponse(decodeResult: success, version: HTTP/1.1)
HTTP/1.1 200 OK
Content-Length: 94
Content-Type: application/json; charset=utf-8
cache-control: no-cache

[DEBUG] Adding key: http://localhost:38318 for channel [id: 0x9fdc9792, L:/127.0.0.1:57991 - R:localhost/127.0.0.1:38318]
[DEBUG] Using pooled Channel '[id: 0x9fdc9792, L:/127.0.0.1:57991 - R:localhost/127.0.0.1:38318]' for 'POST' to 'http://localhost:38318/session/aefe285a60ccb8ebb4d0c5a2f54ef586/element/3A99A16E6BCFF948B7653644F05D8C95_element_6/value'
[DEBUG] Using open Channel [id: 0x9fdc9792, L:/127.0.0.1:57991 - R:localhost/127.0.0.1:38318] for POST '/session/aefe285a60ccb8ebb4d0c5a2f54ef586/element/3A99A16E6BCFF948B7653644F05D8C95_element_6/value'
[DEBUG] 

Request DefaultHttpRequest(decodeResult: success, version: HTTP/1.1)
POST /session/aefe285a60ccb8ebb4d0c5a2f54ef586/element/3A99A16E6BCFF948B7653644F05D8C95_element_6/value HTTP/1.1
User-Agent: selenium/4.8.3 (java windows)
Content-Length: 137
Content-Type: application/json; charset=utf-8
host: localhost:38318
accept: */*

Response DefaultHttpResponse(decodeResult: success, version: HTTP/1.1)
HTTP/1.1 200 OK
Content-Length: 14
Content-Type: application/json; charset=utf-8
cache-control: no-cache

[DEBUG] Adding key: http://localhost:38318 for channel [id: 0x9fdc9792, L:/127.0.0.1:57991 - R:localhost/127.0.0.1:38318]
  &amp#27;[32mAnd &amp#27;[0m&amp#27;[32mUser enters email &amp#27;[0m&amp#27;[32m&amp#27;[1m"admin@yourstore.com"&amp#27;[0m&amp#27;[32m and Password &amp#27;[0m&amp#27;[32m&amp#27;[1m"admin"&amp#27;[0m                                                                                       &amp#27;[90m# stepDefinition.Login.user_enters_email_and_password(java.lang.String,java.lang.String)&amp#27;[0m
[DEBUG] Using pooled Channel '[id: 0x9fdc9792, L:/127.0.0.1:57991 - R:localhost/127.0.0.1:38318]' for 'POST' to 'http://localhost:38318/session/aefe285a60ccb8ebb4d0c5a2f54ef586/element'
[DEBUG] Using open Channel [id: 0x9fdc9792, L:/127.0.0.1:57991 - R:localhost/127.0.0.1:38318] for POST '/session/aefe285a60ccb8ebb4d0c5a2f54ef586/element'
[DEBUG] 

Request DefaultHttpRequest(decodeResult: success, version: HTTP/1.1)
POST /session/aefe285a60ccb8ebb4d0c5a2f54ef586/element HTTP/1.1
User-Agent: selenium/4.8.3 (java windows)
Content-Length: 88
Content-Type: application/json; charset=utf-8
host: localhost:38318
accept: */*

Response DefaultHttpResponse(decodeResult: success, version: HTTP/1.1)
HTTP/1.1 200 OK
Content-Length: 94
Content-Type: application/json; charset=utf-8
cache-control: no-cache

[DEBUG] Adding key: http://localhost:38318 for channel [id: 0x9fdc9792, L:/127.0.0.1:57991 - R:localhost/127.0.0.1:38318]
[DEBUG] Using pooled Channel '[id: 0x9fdc9792, L:/127.0.0.1:57991 - R:localhost/127.0.0.1:38318]' for 'POST' to 'http://localhost:38318/session/aefe285a60ccb8ebb4d0c5a2f54ef586/element/3A99A16E6BCFF948B7653644F05D8C95_element_3/click'
[DEBUG] Using open Channel [id: 0x9fdc9792, L:/127.0.0.1:57991 - R:localhost/127.0.0.1:38318] for POST '/session/aefe285a60ccb8ebb4d0c5a2f54ef586/element/3A99A16E6BCFF948B7653644F05D8C95_element_3/click'
[DEBUG] Entry count for : http://localhost:57992 : 1
[DEBUG] Entry count for : http://localhost:57992 : 1
[DEBUG] Entry count for : http://localhost:57992 : 1
[DEBUG] Entry count for : http://localhost:57992 : 1
[DEBUG] 

Request DefaultHttpRequest(decodeResult: success, version: HTTP/1.1)
POST /session/aefe285a60ccb8ebb4d0c5a2f54ef586/element/3A99A16E6BCFF948B7653644F05D8C95_element_3/click HTTP/1.1
User-Agent: selenium/4.8.3 (java windows)
Content-Length: 56
Content-Type: application/json; charset=utf-8
host: localhost:38318
accept: */*

Response DefaultHttpResponse(decodeResult: success, version: HTTP/1.1)
HTTP/1.1 200 OK
Content-Length: 14
Content-Type: application/json; charset=utf-8
cache-control: no-cache

[DEBUG] Adding key: http://localhost:38318 for channel [id: 0x9fdc9792, L:/127.0.0.1:57991 - R:localhost/127.0.0.1:38318]
  &amp#27;[32mAnd &amp#27;[0m&amp#27;[32mUser clicks on login button&amp#27;[0m                                                                                                                        &amp#27;[90m# stepDefinition.Login.user_clicks_on_login_button()&amp#27;[0m
Admin page constructor called 
Admin page constructor end 
[DEBUG] Using pooled Channel '[id: 0x9fdc9792, L:/127.0.0.1:57991 - R:localhost/127.0.0.1:38318]' for 'GET' to 'http://localhost:38318/session/aefe285a60ccb8ebb4d0c5a2f54ef586/title'
[DEBUG] Using open Channel [id: 0x9fdc9792, L:/127.0.0.1:57991 - R:localhost/127.0.0.1:38318] for GET '/session/aefe285a60ccb8ebb4d0c5a2f54ef586/title'
[DEBUG] 

Request DefaultFullHttpRequest(decodeResult: success, version: HTTP/1.1, content: EmptyByteBufBE)
GET /session/aefe285a60ccb8ebb4d0c5a2f54ef586/title HTTP/1.1
User-Agent: selenium/4.8.3 (java windows)
Cache-Control: no-cache
Content-Type: application/json; charset=utf-8
host: localhost:38318
accept: */*

Response DefaultHttpResponse(decodeResult: success, version: HTTP/1.1)
HTTP/1.1 200 OK
Content-Length: 50
Content-Type: application/json; charset=utf-8
cache-control: no-cache

[DEBUG] Adding key: http://localhost:38318 for channel [id: 0x9fdc9792, L:/127.0.0.1:57991 - R:localhost/127.0.0.1:38318]
Admin page title verified
  &amp#27;[32mThen &amp#27;[0m&amp#27;[32mPage title should be &amp#27;[0m&amp#27;[32m&amp#27;[1m"Dashboard / nopCommerce administration"&amp#27;[0m                                                                                     &amp#27;[90m# stepDefinition.Login.page_title_should_be(java.lang.String)&amp#27;[0m
[DEBUG] Using pooled Channel '[id: 0x9fdc9792, L:/127.0.0.1:57991 - R:localhost/127.0.0.1:38318]' for 'POST' to 'http://localhost:38318/session/aefe285a60ccb8ebb4d0c5a2f54ef586/element'
[DEBUG] Using open Channel [id: 0x9fdc9792, L:/127.0.0.1:57991 - R:localhost/127.0.0.1:38318] for POST '/session/aefe285a60ccb8ebb4d0c5a2f54ef586/element'
[DEBUG] 

Request DefaultHttpRequest(decodeResult: success, version: HTTP/1.1)
POST /session/aefe285a60ccb8ebb4d0c5a2f54ef586/element HTTP/1.1
User-Agent: selenium/4.8.3 (java windows)
Content-Length: 86
Content-Type: application/json; charset=utf-8
host: localhost:38318
accept: */*

Response DefaultHttpResponse(decodeResult: success, version: HTTP/1.1)
HTTP/1.1 200 OK
Content-Length: 95
Content-Type: application/json; charset=utf-8
cache-control: no-cache

[DEBUG] Adding key: http://localhost:38318 for channel [id: 0x9fdc9792, L:/127.0.0.1:57991 - R:localhost/127.0.0.1:38318]
[DEBUG] Using pooled Channel '[id: 0x9fdc9792, L:/127.0.0.1:57991 - R:localhost/127.0.0.1:38318]' for 'POST' to 'http://localhost:38318/session/aefe285a60ccb8ebb4d0c5a2f54ef586/element/D7FAF9668A8C45CB2CCED49DAAD17A54_element_52/click'
[DEBUG] Using open Channel [id: 0x9fdc9792, L:/127.0.0.1:57991 - R:localhost/127.0.0.1:38318] for POST '/session/aefe285a60ccb8ebb4d0c5a2f54ef586/element/D7FAF9668A8C45CB2CCED49DAAD17A54_element_52/click'
[DEBUG] 

Request DefaultHttpRequest(decodeResult: success, version: HTTP/1.1)
POST /session/aefe285a60ccb8ebb4d0c5a2f54ef586/element/D7FAF9668A8C45CB2CCED49DAAD17A54_element_52/click HTTP/1.1
User-Agent: selenium/4.8.3 (java windows)
Content-Length: 57
Content-Type: application/json; charset=utf-8
host: localhost:38318
accept: */*

Response DefaultHttpResponse(decodeResult: success, version: HTTP/1.1)
HTTP/1.1 200 OK
Content-Length: 14
Content-Type: application/json; charset=utf-8
cache-control: no-cache

[DEBUG] Adding key: http://localhost:38318 for channel [id: 0x9fdc9792, L:/127.0.0.1:57991 - R:localhost/127.0.0.1:38318]
  &amp#27;[32mWhen &amp#27;[0m&amp#27;[32mUser clicks on dashboard customer&amp#27;[0m                                                                                                                 &amp#27;[90m# stepDefinition.Login.user_clicks_on_dashboard_customer()&amp#27;[0m
[DEBUG] Using pooled Channel '[id: 0x9fdc9792, L:/127.0.0.1:57991 - R:localhost/127.0.0.1:38318]' for 'POST' to 'http://localhost:38318/session/aefe285a60ccb8ebb4d0c5a2f54ef586/element'
[DEBUG] Using open Channel [id: 0x9fdc9792, L:/127.0.0.1:57991 - R:localhost/127.0.0.1:38318] for POST '/session/aefe285a60ccb8ebb4d0c5a2f54ef586/element'
[DEBUG] 

Request DefaultHttpRequest(decodeResult: success, version: HTTP/1.1)
POST /session/aefe285a60ccb8ebb4d0c5a2f54ef586/element HTTP/1.1
User-Agent: selenium/4.8.3 (java windows)
Content-Length: 95
Content-Type: application/json; charset=utf-8
host: localhost:38318
accept: */*

Response DefaultHttpResponse(decodeResult: success, version: HTTP/1.1)
HTTP/1.1 200 OK
Content-Length: 95
Content-Type: application/json; charset=utf-8
cache-control: no-cache

[DEBUG] Adding key: http://localhost:38318 for channel [id: 0x9fdc9792, L:/127.0.0.1:57991 - R:localhost/127.0.0.1:38318]
[DEBUG] Using pooled Channel '[id: 0x9fdc9792, L:/127.0.0.1:57991 - R:localhost/127.0.0.1:38318]' for 'POST' to 'http://localhost:38318/session/aefe285a60ccb8ebb4d0c5a2f54ef586/element/D7FAF9668A8C45CB2CCED49DAAD17A54_element_59/click'
[DEBUG] Using open Channel [id: 0x9fdc9792, L:/127.0.0.1:57991 - R:localhost/127.0.0.1:38318] for POST '/session/aefe285a60ccb8ebb4d0c5a2f54ef586/element/D7FAF9668A8C45CB2CCED49DAAD17A54_element_59/click'
[DEBUG] Entry count for : http://localhost:57992 : 1
[DEBUG] 

Request DefaultHttpRequest(decodeResult: success, version: HTTP/1.1)
POST /session/aefe285a60ccb8ebb4d0c5a2f54ef586/element/D7FAF9668A8C45CB2CCED49DAAD17A54_element_59/click HTTP/1.1
User-Agent: selenium/4.8.3 (java windows)
Content-Length: 57
Content-Type: application/json; charset=utf-8
host: localhost:38318
accept: */*

Response DefaultHttpResponse(decodeResult: success, version: HTTP/1.1)
HTTP/1.1 200 OK
Content-Length: 14
Content-Type: application/json; charset=utf-8
cache-control: no-cache

[DEBUG] Adding key: http://localhost:38318 for channel [id: 0x9fdc9792, L:/127.0.0.1:57991 - R:localhost/127.0.0.1:38318]
  &amp#27;[32mAnd &amp#27;[0m&amp#27;[32mUser clicks on customer subtab&amp#27;[0m                                                                                                                     &amp#27;[90m# stepDefinition.Login.user_clicks_on_customer_subtab()&amp#27;[0m
[DEBUG] Using pooled Channel '[id: 0x9fdc9792, L:/127.0.0.1:57991 - R:localhost/127.0.0.1:38318]' for 'POST' to 'http://localhost:38318/session/aefe285a60ccb8ebb4d0c5a2f54ef586/element'
[DEBUG] Using open Channel [id: 0x9fdc9792, L:/127.0.0.1:57991 - R:localhost/127.0.0.1:38318] for POST '/session/aefe285a60ccb8ebb4d0c5a2f54ef586/element'
[DEBUG] 

Request DefaultHttpRequest(decodeResult: success, version: HTTP/1.1)
POST /session/aefe285a60ccb8ebb4d0c5a2f54ef586/element HTTP/1.1
User-Agent: selenium/4.8.3 (java windows)
Content-Length: 97
Content-Type: application/json; charset=utf-8
host: localhost:38318
accept: */*

Response DefaultHttpResponse(decodeResult: success, version: HTTP/1.1)
HTTP/1.1 200 OK
Content-Length: 95
Content-Type: application/json; charset=utf-8
cache-control: no-cache

[DEBUG] Adding key: http://localhost:38318 for channel [id: 0x9fdc9792, L:/127.0.0.1:57991 - R:localhost/127.0.0.1:38318]
[DEBUG] Using pooled Channel '[id: 0x9fdc9792, L:/127.0.0.1:57991 - R:localhost/127.0.0.1:38318]' for 'POST' to 'http://localhost:38318/session/aefe285a60ccb8ebb4d0c5a2f54ef586/element/7B99C7F46E7A1E72532C7AC29706F784_element_77/click'
[DEBUG] Using open Channel [id: 0x9fdc9792, L:/127.0.0.1:57991 - R:localhost/127.0.0.1:38318] for POST '/session/aefe285a60ccb8ebb4d0c5a2f54ef586/element/7B99C7F46E7A1E72532C7AC29706F784_element_77/click'
[DEBUG] Entry count for : http://localhost:57992 : 1
[DEBUG] 

Request DefaultHttpRequest(decodeResult: success, version: HTTP/1.1)
POST /session/aefe285a60ccb8ebb4d0c5a2f54ef586/element/7B99C7F46E7A1E72532C7AC29706F784_element_77/click HTTP/1.1
User-Agent: selenium/4.8.3 (java windows)
Content-Length: 57
Content-Type: application/json; charset=utf-8
host: localhost:38318
accept: */*

Response DefaultHttpResponse(decodeResult: success, version: HTTP/1.1)
HTTP/1.1 200 OK
Content-Length: 14
Content-Type: application/json; charset=utf-8
cache-control: no-cache

[DEBUG] Adding key: http://localhost:38318 for channel [id: 0x9fdc9792, L:/127.0.0.1:57991 - R:localhost/127.0.0.1:38318]
  &amp#27;[32mAnd &amp#27;[0m&amp#27;[32mUser clciks on Add new button&amp#27;[0m                                                                                                                      &amp#27;[90m# stepDefinition.Login.user_clciks_on_add_new_button()&amp#27;[0m
[DEBUG] Using pooled Channel '[id: 0x9fdc9792, L:/127.0.0.1:57991 - R:localhost/127.0.0.1:38318]' for 'POST' to 'http://localhost:38318/session/aefe285a60ccb8ebb4d0c5a2f54ef586/element'
[DEBUG] Using open Channel [id: 0x9fdc9792, L:/127.0.0.1:57991 - R:localhost/127.0.0.1:38318] for POST '/session/aefe285a60ccb8ebb4d0c5a2f54ef586/element'
[DEBUG] 

Request DefaultHttpRequest(decodeResult: success, version: HTTP/1.1)
POST /session/aefe285a60ccb8ebb4d0c5a2f54ef586/element HTTP/1.1
User-Agent: selenium/4.8.3 (java windows)
Content-Length: 67
Content-Type: application/json; charset=utf-8
host: localhost:38318
accept: */*

Response DefaultHttpResponse(decodeResult: success, version: HTTP/1.1)
HTTP/1.1 200 OK
Content-Length: 95
Content-Type: application/json; charset=utf-8
cache-control: no-cache

[DEBUG] Adding key: http://localhost:38318 for channel [id: 0x9fdc9792, L:/127.0.0.1:57991 - R:localhost/127.0.0.1:38318]
[DEBUG] Using pooled Channel '[id: 0x9fdc9792, L:/127.0.0.1:57991 - R:localhost/127.0.0.1:38318]' for 'POST' to 'http://localhost:38318/session/aefe285a60ccb8ebb4d0c5a2f54ef586/element/D61EDBBE9BF0A5A4D7454A20955748EE_element_83/clear'
[DEBUG] Using open Channel [id: 0x9fdc9792, L:/127.0.0.1:57991 - R:localhost/127.0.0.1:38318] for POST '/session/aefe285a60ccb8ebb4d0c5a2f54ef586/element/D61EDBBE9BF0A5A4D7454A20955748EE_element_83/clear'
[DEBUG] 

Request DefaultHttpRequest(decodeResult: success, version: HTTP/1.1)
POST /session/aefe285a60ccb8ebb4d0c5a2f54ef586/element/D61EDBBE9BF0A5A4D7454A20955748EE_element_83/clear HTTP/1.1
User-Agent: selenium/4.8.3 (java windows)
Content-Length: 57
Content-Type: application/json; charset=utf-8
host: localhost:38318
accept: */*

Response DefaultHttpResponse(decodeResult: success, version: HTTP/1.1)
HTTP/1.1 200 OK
Content-Length: 14
Content-Type: application/json; charset=utf-8
cache-control: no-cache

[DEBUG] Adding key: http://localhost:38318 for channel [id: 0x9fdc9792, L:/127.0.0.1:57991 - R:localhost/127.0.0.1:38318]
[DEBUG] Using pooled Channel '[id: 0x9fdc9792, L:/127.0.0.1:57991 - R:localhost/127.0.0.1:38318]' for 'POST' to 'http://localhost:38318/session/aefe285a60ccb8ebb4d0c5a2f54ef586/element'
[DEBUG] Using open Channel [id: 0x9fdc9792, L:/127.0.0.1:57991 - R:localhost/127.0.0.1:38318] for POST '/session/aefe285a60ccb8ebb4d0c5a2f54ef586/element'
[DEBUG] 

Request DefaultHttpRequest(decodeResult: success, version: HTTP/1.1)
POST /session/aefe285a60ccb8ebb4d0c5a2f54ef586/element HTTP/1.1
User-Agent: selenium/4.8.3 (java windows)
Content-Length: 67
Content-Type: application/json; charset=utf-8
host: localhost:38318
accept: */*

Response DefaultHttpResponse(decodeResult: success, version: HTTP/1.1)
HTTP/1.1 200 OK
Content-Length: 95
Content-Type: application/json; charset=utf-8
cache-control: no-cache

[DEBUG] Adding key: http://localhost:38318 for channel [id: 0x9fdc9792, L:/127.0.0.1:57991 - R:localhost/127.0.0.1:38318]
[DEBUG] Using pooled Channel '[id: 0x9fdc9792, L:/127.0.0.1:57991 - R:localhost/127.0.0.1:38318]' for 'POST' to 'http://localhost:38318/session/aefe285a60ccb8ebb4d0c5a2f54ef586/element/D61EDBBE9BF0A5A4D7454A20955748EE_element_83/value'
[DEBUG] Using open Channel [id: 0x9fdc9792, L:/127.0.0.1:57991 - R:localhost/127.0.0.1:38318] for POST '/session/aefe285a60ccb8ebb4d0c5a2f54ef586/element/D61EDBBE9BF0A5A4D7454A20955748EE_element_83/value'
[DEBUG] 

Request DefaultHttpRequest(decodeResult: success, version: HTTP/1.1)
POST /session/aefe285a60ccb8ebb4d0c5a2f54ef586/element/D61EDBBE9BF0A5A4D7454A20955748EE_element_83/value HTTP/1.1
User-Agent: selenium/4.8.3 (java windows)
Content-Length: 278
Content-Type: application/json; charset=utf-8
host: localhost:38318
accept: */*

Response DefaultHttpResponse(decodeResult: success, version: HTTP/1.1)
HTTP/1.1 200 OK
Content-Length: 14
Content-Type: application/json; charset=utf-8
cache-control: no-cache

[DEBUG] Adding key: http://localhost:38318 for channel [id: 0x9fdc9792, L:/127.0.0.1:57991 - R:localhost/127.0.0.1:38318]
[DEBUG] Using pooled Channel '[id: 0x9fdc9792, L:/127.0.0.1:57991 - R:localhost/127.0.0.1:38318]' for 'POST' to 'http://localhost:38318/session/aefe285a60ccb8ebb4d0c5a2f54ef586/element'
[DEBUG] Using open Channel [id: 0x9fdc9792, L:/127.0.0.1:57991 - R:localhost/127.0.0.1:38318] for POST '/session/aefe285a60ccb8ebb4d0c5a2f54ef586/element'
[DEBUG] 

Request DefaultHttpRequest(decodeResult: success, version: HTTP/1.1)
POST /session/aefe285a60ccb8ebb4d0c5a2f54ef586/element HTTP/1.1
User-Agent: selenium/4.8.3 (java windows)
Content-Length: 70
Content-Type: application/json; charset=utf-8
host: localhost:38318
accept: */*

Response DefaultHttpResponse(decodeResult: success, version: HTTP/1.1)
HTTP/1.1 200 OK
Content-Length: 96
Content-Type: application/json; charset=utf-8
cache-control: no-cache

[DEBUG] Adding key: http://localhost:38318 for channel [id: 0x9fdc9792, L:/127.0.0.1:57991 - R:localhost/127.0.0.1:38318]
[DEBUG] Using pooled Channel '[id: 0x9fdc9792, L:/127.0.0.1:57991 - R:localhost/127.0.0.1:38318]' for 'POST' to 'http://localhost:38318/session/aefe285a60ccb8ebb4d0c5a2f54ef586/element/D61EDBBE9BF0A5A4D7454A20955748EE_element_117/clear'
[DEBUG] Using open Channel [id: 0x9fdc9792, L:/127.0.0.1:57991 - R:localhost/127.0.0.1:38318] for POST '/session/aefe285a60ccb8ebb4d0c5a2f54ef586/element/D61EDBBE9BF0A5A4D7454A20955748EE_element_117/clear'
[DEBUG] 

Request DefaultHttpRequest(decodeResult: success, version: HTTP/1.1)
POST /session/aefe285a60ccb8ebb4d0c5a2f54ef586/element/D61EDBBE9BF0A5A4D7454A20955748EE_element_117/clear HTTP/1.1
User-Agent: selenium/4.8.3 (java windows)
Content-Length: 58
Content-Type: application/json; charset=utf-8
host: localhost:38318
accept: */*

Response DefaultHttpResponse(decodeResult: success, version: HTTP/1.1)
HTTP/1.1 200 OK
Content-Length: 14
Content-Type: application/json; charset=utf-8
cache-control: no-cache

[DEBUG] Adding key: http://localhost:38318 for channel [id: 0x9fdc9792, L:/127.0.0.1:57991 - R:localhost/127.0.0.1:38318]
[DEBUG] Using pooled Channel '[id: 0x9fdc9792, L:/127.0.0.1:57991 - R:localhost/127.0.0.1:38318]' for 'POST' to 'http://localhost:38318/session/aefe285a60ccb8ebb4d0c5a2f54ef586/element'
[DEBUG] Using open Channel [id: 0x9fdc9792, L:/127.0.0.1:57991 - R:localhost/127.0.0.1:38318] for POST '/session/aefe285a60ccb8ebb4d0c5a2f54ef586/element'
[DEBUG] 

Request DefaultHttpRequest(decodeResult: success, version: HTTP/1.1)
POST /session/aefe285a60ccb8ebb4d0c5a2f54ef586/element HTTP/1.1
User-Agent: selenium/4.8.3 (java windows)
Content-Length: 70
Content-Type: application/json; charset=utf-8
host: localhost:38318
accept: */*

Response DefaultHttpResponse(decodeResult: success, version: HTTP/1.1)
HTTP/1.1 200 OK
Content-Length: 96
Content-Type: application/json; charset=utf-8
cache-control: no-cache

[DEBUG] Adding key: http://localhost:38318 for channel [id: 0x9fdc9792, L:/127.0.0.1:57991 - R:localhost/127.0.0.1:38318]
[DEBUG] Using pooled Channel '[id: 0x9fdc9792, L:/127.0.0.1:57991 - R:localhost/127.0.0.1:38318]' for 'POST' to 'http://localhost:38318/session/aefe285a60ccb8ebb4d0c5a2f54ef586/element/D61EDBBE9BF0A5A4D7454A20955748EE_element_117/value'
[DEBUG] Using open Channel [id: 0x9fdc9792, L:/127.0.0.1:57991 - R:localhost/127.0.0.1:38318] for POST '/session/aefe285a60ccb8ebb4d0c5a2f54ef586/element/D61EDBBE9BF0A5A4D7454A20955748EE_element_117/value'
[DEBUG] Entry count for : http://localhost:57992 : 1
[DEBUG] 

Request DefaultHttpRequest(decodeResult: success, version: HTTP/1.1)
POST /session/aefe285a60ccb8ebb4d0c5a2f54ef586/element/D61EDBBE9BF0A5A4D7454A20955748EE_element_117/value HTTP/1.1
User-Agent: selenium/4.8.3 (java windows)
Content-Length: 139
Content-Type: application/json; charset=utf-8
host: localhost:38318
accept: */*

Response DefaultHttpResponse(decodeResult: success, version: HTTP/1.1)
HTTP/1.1 200 OK
Content-Length: 14
Content-Type: application/json; charset=utf-8
cache-control: no-cache

[DEBUG] Adding key: http://localhost:38318 for channel [id: 0x9fdc9792, L:/127.0.0.1:57991 - R:localhost/127.0.0.1:38318]
[DEBUG] Using pooled Channel '[id: 0x9fdc9792, L:/127.0.0.1:57991 - R:localhost/127.0.0.1:38318]' for 'POST' to 'http://localhost:38318/session/aefe285a60ccb8ebb4d0c5a2f54ef586/element'
[DEBUG] Using open Channel [id: 0x9fdc9792, L:/127.0.0.1:57991 - R:localhost/127.0.0.1:38318] for POST '/session/aefe285a60ccb8ebb4d0c5a2f54ef586/element'
[DEBUG] 

Request DefaultHttpRequest(decodeResult: success, version: HTTP/1.1)
POST /session/aefe285a60ccb8ebb4d0c5a2f54ef586/element HTTP/1.1
User-Agent: selenium/4.8.3 (java windows)
Content-Length: 71
Content-Type: application/json; charset=utf-8
host: localhost:38318
accept: */*

Response DefaultHttpResponse(decodeResult: success, version: HTTP/1.1)
HTTP/1.1 200 OK
Content-Length: 96
Content-Type: application/json; charset=utf-8
cache-control: no-cache

[DEBUG] Adding key: http://localhost:38318 for channel [id: 0x9fdc9792, L:/127.0.0.1:57991 - R:localhost/127.0.0.1:38318]
[DEBUG] Using pooled Channel '[id: 0x9fdc9792, L:/127.0.0.1:57991 - R:localhost/127.0.0.1:38318]' for 'POST' to 'http://localhost:38318/session/aefe285a60ccb8ebb4d0c5a2f54ef586/element/D61EDBBE9BF0A5A4D7454A20955748EE_element_118/clear'
[DEBUG] Using open Channel [id: 0x9fdc9792, L:/127.0.0.1:57991 - R:localhost/127.0.0.1:38318] for POST '/session/aefe285a60ccb8ebb4d0c5a2f54ef586/element/D61EDBBE9BF0A5A4D7454A20955748EE_element_118/clear'
[DEBUG] 

Request DefaultHttpRequest(decodeResult: success, version: HTTP/1.1)
POST /session/aefe285a60ccb8ebb4d0c5a2f54ef586/element/D61EDBBE9BF0A5A4D7454A20955748EE_element_118/clear HTTP/1.1
User-Agent: selenium/4.8.3 (java windows)
Content-Length: 58
Content-Type: application/json; charset=utf-8
host: localhost:38318
accept: */*

Response DefaultHttpResponse(decodeResult: success, version: HTTP/1.1)
HTTP/1.1 200 OK
Content-Length: 14
Content-Type: application/json; charset=utf-8
cache-control: no-cache

[DEBUG] Adding key: http://localhost:38318 for channel [id: 0x9fdc9792, L:/127.0.0.1:57991 - R:localhost/127.0.0.1:38318]
[DEBUG] Using pooled Channel '[id: 0x9fdc9792, L:/127.0.0.1:57991 - R:localhost/127.0.0.1:38318]' for 'POST' to 'http://localhost:38318/session/aefe285a60ccb8ebb4d0c5a2f54ef586/element'
[DEBUG] Using open Channel [id: 0x9fdc9792, L:/127.0.0.1:57991 - R:localhost/127.0.0.1:38318] for POST '/session/aefe285a60ccb8ebb4d0c5a2f54ef586/element'
[DEBUG] 

Request DefaultHttpRequest(decodeResult: success, version: HTTP/1.1)
POST /session/aefe285a60ccb8ebb4d0c5a2f54ef586/element HTTP/1.1
User-Agent: selenium/4.8.3 (java windows)
Content-Length: 71
Content-Type: application/json; charset=utf-8
host: localhost:38318
accept: */*

Response DefaultHttpResponse(decodeResult: success, version: HTTP/1.1)
HTTP/1.1 200 OK
Content-Length: 96
Content-Type: application/json; charset=utf-8
cache-control: no-cache

[DEBUG] Adding key: http://localhost:38318 for channel [id: 0x9fdc9792, L:/127.0.0.1:57991 - R:localhost/127.0.0.1:38318]
[DEBUG] Using pooled Channel '[id: 0x9fdc9792, L:/127.0.0.1:57991 - R:localhost/127.0.0.1:38318]' for 'POST' to 'http://localhost:38318/session/aefe285a60ccb8ebb4d0c5a2f54ef586/element/D61EDBBE9BF0A5A4D7454A20955748EE_element_118/value'
[DEBUG] Using open Channel [id: 0x9fdc9792, L:/127.0.0.1:57991 - R:localhost/127.0.0.1:38318] for POST '/session/aefe285a60ccb8ebb4d0c5a2f54ef586/element/D61EDBBE9BF0A5A4D7454A20955748EE_element_118/value'
[DEBUG] 

Request DefaultHttpRequest(decodeResult: success, version: HTTP/1.1)
POST /session/aefe285a60ccb8ebb4d0c5a2f54ef586/element/D61EDBBE9BF0A5A4D7454A20955748EE_element_118/value HTTP/1.1
User-Agent: selenium/4.8.3 (java windows)
Content-Length: 149
Content-Type: application/json; charset=utf-8
host: localhost:38318
accept: */*

Response DefaultHttpResponse(decodeResult: success, version: HTTP/1.1)
HTTP/1.1 200 OK
Content-Length: 14
Content-Type: application/json; charset=utf-8
cache-control: no-cache

[DEBUG] Adding key: http://localhost:38318 for channel [id: 0x9fdc9792, L:/127.0.0.1:57991 - R:localhost/127.0.0.1:38318]
[DEBUG] Using pooled Channel '[id: 0x9fdc9792, L:/127.0.0.1:57991 - R:localhost/127.0.0.1:38318]' for 'POST' to 'http://localhost:38318/session/aefe285a60ccb8ebb4d0c5a2f54ef586/element'
[DEBUG] Using open Channel [id: 0x9fdc9792, L:/127.0.0.1:57991 - R:localhost/127.0.0.1:38318] for POST '/session/aefe285a60ccb8ebb4d0c5a2f54ef586/element'
[DEBUG] 

Request DefaultHttpRequest(decodeResult: success, version: HTTP/1.1)
POST /session/aefe285a60ccb8ebb4d0c5a2f54ef586/element HTTP/1.1
User-Agent: selenium/4.8.3 (java windows)
Content-Length: 70
Content-Type: application/json; charset=utf-8
host: localhost:38318
accept: */*

Response DefaultHttpResponse(decodeResult: success, version: HTTP/1.1)
HTTP/1.1 200 OK
Content-Length: 96
Content-Type: application/json; charset=utf-8
cache-control: no-cache

[DEBUG] Adding key: http://localhost:38318 for channel [id: 0x9fdc9792, L:/127.0.0.1:57991 - R:localhost/127.0.0.1:38318]
[DEBUG] Using pooled Channel '[id: 0x9fdc9792, L:/127.0.0.1:57991 - R:localhost/127.0.0.1:38318]' for 'POST' to 'http://localhost:38318/session/aefe285a60ccb8ebb4d0c5a2f54ef586/element/D61EDBBE9BF0A5A4D7454A20955748EE_element_119/clear'
[DEBUG] Using open Channel [id: 0x9fdc9792, L:/127.0.0.1:57991 - R:localhost/127.0.0.1:38318] for POST '/session/aefe285a60ccb8ebb4d0c5a2f54ef586/element/D61EDBBE9BF0A5A4D7454A20955748EE_element_119/clear'
[DEBUG] 

Request DefaultHttpRequest(decodeResult: success, version: HTTP/1.1)
POST /session/aefe285a60ccb8ebb4d0c5a2f54ef586/element/D61EDBBE9BF0A5A4D7454A20955748EE_element_119/clear HTTP/1.1
User-Agent: selenium/4.8.3 (java windows)
Content-Length: 58
Content-Type: application/json; charset=utf-8
host: localhost:38318
accept: */*

Response DefaultHttpResponse(decodeResult: success, version: HTTP/1.1)
HTTP/1.1 200 OK
Content-Length: 14
Content-Type: application/json; charset=utf-8
cache-control: no-cache

[DEBUG] Adding key: http://localhost:38318 for channel [id: 0x9fdc9792, L:/127.0.0.1:57991 - R:localhost/127.0.0.1:38318]
[DEBUG] Using pooled Channel '[id: 0x9fdc9792, L:/127.0.0.1:57991 - R:localhost/127.0.0.1:38318]' for 'POST' to 'http://localhost:38318/session/aefe285a60ccb8ebb4d0c5a2f54ef586/element'
[DEBUG] Using open Channel [id: 0x9fdc9792, L:/127.0.0.1:57991 - R:localhost/127.0.0.1:38318] for POST '/session/aefe285a60ccb8ebb4d0c5a2f54ef586/element'
[DEBUG] 

Request DefaultHttpRequest(decodeResult: success, version: HTTP/1.1)
POST /session/aefe285a60ccb8ebb4d0c5a2f54ef586/element HTTP/1.1
User-Agent: selenium/4.8.3 (java windows)
Content-Length: 70
Content-Type: application/json; charset=utf-8
host: localhost:38318
accept: */*

Response DefaultHttpResponse(decodeResult: success, version: HTTP/1.1)
HTTP/1.1 200 OK
Content-Length: 96
Content-Type: application/json; charset=utf-8
cache-control: no-cache

[DEBUG] Adding key: http://localhost:38318 for channel [id: 0x9fdc9792, L:/127.0.0.1:57991 - R:localhost/127.0.0.1:38318]
[DEBUG] Using pooled Channel '[id: 0x9fdc9792, L:/127.0.0.1:57991 - R:localhost/127.0.0.1:38318]' for 'POST' to 'http://localhost:38318/session/aefe285a60ccb8ebb4d0c5a2f54ef586/element/D61EDBBE9BF0A5A4D7454A20955748EE_element_119/value'
[DEBUG] Using open Channel [id: 0x9fdc9792, L:/127.0.0.1:57991 - R:localhost/127.0.0.1:38318] for POST '/session/aefe285a60ccb8ebb4d0c5a2f54ef586/element/D61EDBBE9BF0A5A4D7454A20955748EE_element_119/value'
[DEBUG] 

Request DefaultHttpRequest(decodeResult: success, version: HTTP/1.1)
POST /session/aefe285a60ccb8ebb4d0c5a2f54ef586/element/D61EDBBE9BF0A5A4D7454A20955748EE_element_119/value HTTP/1.1
User-Agent: selenium/4.8.3 (java windows)
Content-Length: 149
Content-Type: application/json; charset=utf-8
host: localhost:38318
accept: */*

Response DefaultHttpResponse(decodeResult: success, version: HTTP/1.1)
HTTP/1.1 200 OK
Content-Length: 14
Content-Type: application/json; charset=utf-8
cache-control: no-cache

[DEBUG] Adding key: http://localhost:38318 for channel [id: 0x9fdc9792, L:/127.0.0.1:57991 - R:localhost/127.0.0.1:38318]
[DEBUG] Using pooled Channel '[id: 0x9fdc9792, L:/127.0.0.1:57991 - R:localhost/127.0.0.1:38318]' for 'POST' to 'http://localhost:38318/session/aefe285a60ccb8ebb4d0c5a2f54ef586/element'
[DEBUG] Using open Channel [id: 0x9fdc9792, L:/127.0.0.1:57991 - R:localhost/127.0.0.1:38318] for POST '/session/aefe285a60ccb8ebb4d0c5a2f54ef586/element'
[DEBUG] 

Request DefaultHttpRequest(decodeResult: success, version: HTTP/1.1)
POST /session/aefe285a60ccb8ebb4d0c5a2f54ef586/element HTTP/1.1
User-Agent: selenium/4.8.3 (java windows)
Content-Length: 73
Content-Type: application/json; charset=utf-8
host: localhost:38318
accept: */*

Response DefaultHttpResponse(decodeResult: success, version: HTTP/1.1)
HTTP/1.1 200 OK
Content-Length: 96
Content-Type: application/json; charset=utf-8
cache-control: no-cache

[DEBUG] Adding key: http://localhost:38318 for channel [id: 0x9fdc9792, L:/127.0.0.1:57991 - R:localhost/127.0.0.1:38318]
[DEBUG] Using pooled Channel '[id: 0x9fdc9792, L:/127.0.0.1:57991 - R:localhost/127.0.0.1:38318]' for 'POST' to 'http://localhost:38318/session/aefe285a60ccb8ebb4d0c5a2f54ef586/element/D61EDBBE9BF0A5A4D7454A20955748EE_element_121/click'
[DEBUG] Using open Channel [id: 0x9fdc9792, L:/127.0.0.1:57991 - R:localhost/127.0.0.1:38318] for POST '/session/aefe285a60ccb8ebb4d0c5a2f54ef586/element/D61EDBBE9BF0A5A4D7454A20955748EE_element_121/click'
[DEBUG] 

Request DefaultHttpRequest(decodeResult: success, version: HTTP/1.1)
POST /session/aefe285a60ccb8ebb4d0c5a2f54ef586/element/D61EDBBE9BF0A5A4D7454A20955748EE_element_121/click HTTP/1.1
User-Agent: selenium/4.8.3 (java windows)
Content-Length: 58
Content-Type: application/json; charset=utf-8
host: localhost:38318
accept: */*

Response DefaultHttpResponse(decodeResult: success, version: HTTP/1.1)
HTTP/1.1 200 OK
Content-Length: 14
Content-Type: application/json; charset=utf-8
cache-control: no-cache

[DEBUG] Adding key: http://localhost:38318 for channel [id: 0x9fdc9792, L:/127.0.0.1:57991 - R:localhost/127.0.0.1:38318]
[DEBUG] Using pooled Channel '[id: 0x9fdc9792, L:/127.0.0.1:57991 - R:localhost/127.0.0.1:38318]' for 'POST' to 'http://localhost:38318/session/aefe285a60ccb8ebb4d0c5a2f54ef586/element'
[DEBUG] Using open Channel [id: 0x9fdc9792, L:/127.0.0.1:57991 - R:localhost/127.0.0.1:38318] for POST '/session/aefe285a60ccb8ebb4d0c5a2f54ef586/element'
[DEBUG] 

Request DefaultHttpRequest(decodeResult: success, version: HTTP/1.1)
POST /session/aefe285a60ccb8ebb4d0c5a2f54ef586/element HTTP/1.1
User-Agent: selenium/4.8.3 (java windows)
Content-Length: 73
Content-Type: application/json; charset=utf-8
host: localhost:38318
accept: */*

Response DefaultHttpResponse(decodeResult: success, version: HTTP/1.1)
HTTP/1.1 200 OK
Content-Length: 96
Content-Type: application/json; charset=utf-8
cache-control: no-cache

[DEBUG] Adding key: http://localhost:38318 for channel [id: 0x9fdc9792, L:/127.0.0.1:57991 - R:localhost/127.0.0.1:38318]
[DEBUG] Using pooled Channel '[id: 0x9fdc9792, L:/127.0.0.1:57991 - R:localhost/127.0.0.1:38318]' for 'POST' to 'http://localhost:38318/session/aefe285a60ccb8ebb4d0c5a2f54ef586/element/D61EDBBE9BF0A5A4D7454A20955748EE_element_122/value'
[DEBUG] Using open Channel [id: 0x9fdc9792, L:/127.0.0.1:57991 - R:localhost/127.0.0.1:38318] for POST '/session/aefe285a60ccb8ebb4d0c5a2f54ef586/element/D61EDBBE9BF0A5A4D7454A20955748EE_element_122/value'
[DEBUG] 

Request DefaultHttpRequest(decodeResult: success, version: HTTP/1.1)
POST /session/aefe285a60ccb8ebb4d0c5a2f54ef586/element/D61EDBBE9BF0A5A4D7454A20955748EE_element_122/value HTTP/1.1
User-Agent: selenium/4.8.3 (java windows)
Content-Length: 189
Content-Type: application/json; charset=utf-8
host: localhost:38318
accept: */*

Response DefaultHttpResponse(decodeResult: success, version: HTTP/1.1)
HTTP/1.1 200 OK
Content-Length: 14
Content-Type: application/json; charset=utf-8
cache-control: no-cache

[DEBUG] Adding key: http://localhost:38318 for channel [id: 0x9fdc9792, L:/127.0.0.1:57991 - R:localhost/127.0.0.1:38318]
[DEBUG] Using pooled Channel '[id: 0x9fdc9792, L:/127.0.0.1:57991 - R:localhost/127.0.0.1:38318]' for 'POST' to 'http://localhost:38318/session/aefe285a60ccb8ebb4d0c5a2f54ef586/element'
[DEBUG] Using open Channel [id: 0x9fdc9792, L:/127.0.0.1:57991 - R:localhost/127.0.0.1:38318] for POST '/session/aefe285a60ccb8ebb4d0c5a2f54ef586/element'
[DEBUG] 

Request DefaultHttpRequest(decodeResult: success, version: HTTP/1.1)
POST /session/aefe285a60ccb8ebb4d0c5a2f54ef586/element HTTP/1.1
User-Agent: selenium/4.8.3 (java windows)
Content-Length: 69
Content-Type: application/json; charset=utf-8
host: localhost:38318
accept: */*

Response DefaultHttpResponse(decodeResult: success, version: HTTP/1.1)
HTTP/1.1 200 OK
Content-Length: 96
Content-Type: application/json; charset=utf-8
cache-control: no-cache

[DEBUG] Adding key: http://localhost:38318 for channel [id: 0x9fdc9792, L:/127.0.0.1:57991 - R:localhost/127.0.0.1:38318]
[DEBUG] Using pooled Channel '[id: 0x9fdc9792, L:/127.0.0.1:57991 - R:localhost/127.0.0.1:38318]' for 'POST' to 'http://localhost:38318/session/aefe285a60ccb8ebb4d0c5a2f54ef586/element/D61EDBBE9BF0A5A4D7454A20955748EE_element_123/value'
[DEBUG] Using open Channel [id: 0x9fdc9792, L:/127.0.0.1:57991 - R:localhost/127.0.0.1:38318] for POST '/session/aefe285a60ccb8ebb4d0c5a2f54ef586/element/D61EDBBE9BF0A5A4D7454A20955748EE_element_123/value'
[DEBUG] 

Request DefaultHttpRequest(decodeResult: success, version: HTTP/1.1)
POST /session/aefe285a60ccb8ebb4d0c5a2f54ef586/element/D61EDBBE9BF0A5A4D7454A20955748EE_element_123/value HTTP/1.1
User-Agent: selenium/4.8.3 (java windows)
Content-Length: 109
Content-Type: application/json; charset=utf-8
host: localhost:38318
accept: */*

Response DefaultHttpResponse(decodeResult: success, version: HTTP/1.1)
HTTP/1.1 200 OK
Content-Length: 14
Content-Type: application/json; charset=utf-8
cache-control: no-cache

[DEBUG] Adding key: http://localhost:38318 for channel [id: 0x9fdc9792, L:/127.0.0.1:57991 - R:localhost/127.0.0.1:38318]
[DEBUG] Using pooled Channel '[id: 0x9fdc9792, L:/127.0.0.1:57991 - R:localhost/127.0.0.1:38318]' for 'POST' to 'http://localhost:38318/session/aefe285a60ccb8ebb4d0c5a2f54ef586/element'
[DEBUG] Using open Channel [id: 0x9fdc9792, L:/127.0.0.1:57991 - R:localhost/127.0.0.1:38318] for POST '/session/aefe285a60ccb8ebb4d0c5a2f54ef586/element'
[DEBUG] 

Request DefaultHttpRequest(decodeResult: success, version: HTTP/1.1)
POST /session/aefe285a60ccb8ebb4d0c5a2f54ef586/element HTTP/1.1
User-Agent: selenium/4.8.3 (java windows)
Content-Length: 73
Content-Type: application/json; charset=utf-8
host: localhost:38318
accept: */*

Response DefaultHttpResponse(decodeResult: success, version: HTTP/1.1)
HTTP/1.1 200 OK
Content-Length: 96
Content-Type: application/json; charset=utf-8
cache-control: no-cache

[DEBUG] Adding key: http://localhost:38318 for channel [id: 0x9fdc9792, L:/127.0.0.1:57991 - R:localhost/127.0.0.1:38318]
[DEBUG] Using pooled Channel '[id: 0x9fdc9792, L:/127.0.0.1:57991 - R:localhost/127.0.0.1:38318]' for 'POST' to 'http://localhost:38318/session/aefe285a60ccb8ebb4d0c5a2f54ef586/element/D61EDBBE9BF0A5A4D7454A20955748EE_element_124/click'
[DEBUG] Using open Channel [id: 0x9fdc9792, L:/127.0.0.1:57991 - R:localhost/127.0.0.1:38318] for POST '/session/aefe285a60ccb8ebb4d0c5a2f54ef586/element/D61EDBBE9BF0A5A4D7454A20955748EE_element_124/click'
[DEBUG] 

Request DefaultHttpRequest(decodeResult: success, version: HTTP/1.1)
POST /session/aefe285a60ccb8ebb4d0c5a2f54ef586/element/D61EDBBE9BF0A5A4D7454A20955748EE_element_124/click HTTP/1.1
User-Agent: selenium/4.8.3 (java windows)
Content-Length: 58
Content-Type: application/json; charset=utf-8
host: localhost:38318
accept: */*

Response DefaultHttpResponse(decodeResult: success, version: HTTP/1.1)
HTTP/1.1 200 OK
Content-Length: 14
Content-Type: application/json; charset=utf-8
cache-control: no-cache

[DEBUG] Adding key: http://localhost:38318 for channel [id: 0x9fdc9792, L:/127.0.0.1:57991 - R:localhost/127.0.0.1:38318]
[DEBUG] Using pooled Channel '[id: 0x9fdc9792, L:/127.0.0.1:57991 - R:localhost/127.0.0.1:38318]' for 'POST' to 'http://localhost:38318/session/aefe285a60ccb8ebb4d0c5a2f54ef586/element'
[DEBUG] Using open Channel [id: 0x9fdc9792, L:/127.0.0.1:57991 - R:localhost/127.0.0.1:38318] for POST '/session/aefe285a60ccb8ebb4d0c5a2f54ef586/element'
[DEBUG] 

Request DefaultHttpRequest(decodeResult: success, version: HTTP/1.1)
POST /session/aefe285a60ccb8ebb4d0c5a2f54ef586/element HTTP/1.1
User-Agent: selenium/4.8.3 (java windows)
Content-Length: 107
Content-Type: application/json; charset=utf-8
host: localhost:38318
accept: */*

Response DefaultHttpResponse(decodeResult: success, version: HTTP/1.1)
HTTP/1.1 200 OK
Content-Length: 96
Content-Type: application/json; charset=utf-8
cache-control: no-cache

[DEBUG] Adding key: http://localhost:38318 for channel [id: 0x9fdc9792, L:/127.0.0.1:57991 - R:localhost/127.0.0.1:38318]
[DEBUG] Using pooled Channel '[id: 0x9fdc9792, L:/127.0.0.1:57991 - R:localhost/127.0.0.1:38318]' for 'POST' to 'http://localhost:38318/session/aefe285a60ccb8ebb4d0c5a2f54ef586/actions'
[DEBUG] Using open Channel [id: 0x9fdc9792, L:/127.0.0.1:57991 - R:localhost/127.0.0.1:38318] for POST '/session/aefe285a60ccb8ebb4d0c5a2f54ef586/actions'
[DEBUG] 

Request DefaultHttpRequest(decodeResult: success, version: HTTP/1.1)
POST /session/aefe285a60ccb8ebb4d0c5a2f54ef586/actions HTTP/1.1
User-Agent: selenium/4.8.3 (java windows)
Content-Length: 5274
Content-Type: application/json; charset=utf-8
host: localhost:38318
accept: */*

Response DefaultHttpResponse(decodeResult: success, version: HTTP/1.1)
HTTP/1.1 200 OK
Content-Length: 14
Content-Type: application/json; charset=utf-8
cache-control: no-cache

[DEBUG] Adding key: http://localhost:38318 for channel [id: 0x9fdc9792, L:/127.0.0.1:57991 - R:localhost/127.0.0.1:38318]
[DEBUG] Entry count for : http://localhost:57992 : 1
[DEBUG] Entry count for : http://localhost:38318 : 1
action method successful
[DEBUG] Using pooled Channel '[id: 0x9fdc9792, L:/127.0.0.1:57991 - R:localhost/127.0.0.1:38318]' for 'POST' to 'http://localhost:38318/session/aefe285a60ccb8ebb4d0c5a2f54ef586/element'
[DEBUG] Using open Channel [id: 0x9fdc9792, L:/127.0.0.1:57991 - R:localhost/127.0.0.1:38318] for POST '/session/aefe285a60ccb8ebb4d0c5a2f54ef586/element'
[DEBUG] 

Request DefaultHttpRequest(decodeResult: success, version: HTTP/1.1)
POST /session/aefe285a60ccb8ebb4d0c5a2f54ef586/element HTTP/1.1
User-Agent: selenium/4.8.3 (java windows)
Content-Length: 160
Content-Type: application/json; charset=utf-8
host: localhost:38318
accept: */*

Response DefaultHttpResponse(decodeResult: success, version: HTTP/1.1)
HTTP/1.1 200 OK
Content-Length: 96
Content-Type: application/json; charset=utf-8
cache-control: no-cache

[DEBUG] Adding key: http://localhost:38318 for channel [id: 0x9fdc9792, L:/127.0.0.1:57991 - R:localhost/127.0.0.1:38318]
[DEBUG] Using pooled Channel '[id: 0x9fdc9792, L:/127.0.0.1:57991 - R:localhost/127.0.0.1:38318]' for 'POST' to 'http://localhost:38318/session/aefe285a60ccb8ebb4d0c5a2f54ef586/actions'
[DEBUG] Using open Channel [id: 0x9fdc9792, L:/127.0.0.1:57991 - R:localhost/127.0.0.1:38318] for POST '/session/aefe285a60ccb8ebb4d0c5a2f54ef586/actions'
[DEBUG] 

Request DefaultHttpRequest(decodeResult: success, version: HTTP/1.1)
POST /session/aefe285a60ccb8ebb4d0c5a2f54ef586/actions HTTP/1.1
User-Agent: selenium/4.8.3 (java windows)
Content-Length: 2682
Content-Type: application/json; charset=utf-8
host: localhost:38318
accept: */*

Response DefaultHttpResponse(decodeResult: success, version: HTTP/1.1)
HTTP/1.1 200 OK
Content-Length: 14
Content-Type: application/json; charset=utf-8
cache-control: no-cache

[DEBUG] Adding key: http://localhost:38318 for channel [id: 0x9fdc9792, L:/127.0.0.1:57991 - R:localhost/127.0.0.1:38318]
action method successful
user press enter key
[DEBUG] Using pooled Channel '[id: 0x9fdc9792, L:/127.0.0.1:57991 - R:localhost/127.0.0.1:38318]' for 'POST' to 'http://localhost:38318/session/aefe285a60ccb8ebb4d0c5a2f54ef586/element'
[DEBUG] Using open Channel [id: 0x9fdc9792, L:/127.0.0.1:57991 - R:localhost/127.0.0.1:38318] for POST '/session/aefe285a60ccb8ebb4d0c5a2f54ef586/element'
[DEBUG] 

Request DefaultHttpRequest(decodeResult: success, version: HTTP/1.1)
POST /session/aefe285a60ccb8ebb4d0c5a2f54ef586/element HTTP/1.1
User-Agent: selenium/4.8.3 (java windows)
Content-Length: 71
Content-Type: application/json; charset=utf-8
host: localhost:38318
accept: */*

Response DefaultHttpResponse(decodeResult: success, version: HTTP/1.1)
HTTP/1.1 200 OK
Content-Length: 96
Content-Type: application/json; charset=utf-8
cache-control: no-cache

[DEBUG] Adding key: http://localhost:38318 for channel [id: 0x9fdc9792, L:/127.0.0.1:57991 - R:localhost/127.0.0.1:38318]
[DEBUG] Using pooled Channel '[id: 0x9fdc9792, L:/127.0.0.1:57991 - R:localhost/127.0.0.1:38318]' for 'GET' to 'http://localhost:38318/session/aefe285a60ccb8ebb4d0c5a2f54ef586/element/D61EDBBE9BF0A5A4D7454A20955748EE_element_128/name'
[DEBUG] Using open Channel [id: 0x9fdc9792, L:/127.0.0.1:57991 - R:localhost/127.0.0.1:38318] for GET '/session/aefe285a60ccb8ebb4d0c5a2f54ef586/element/D61EDBBE9BF0A5A4D7454A20955748EE_element_128/name'
[DEBUG] 

Request DefaultFullHttpRequest(decodeResult: success, version: HTTP/1.1, content: EmptyByteBufBE)
GET /session/aefe285a60ccb8ebb4d0c5a2f54ef586/element/D61EDBBE9BF0A5A4D7454A20955748EE_element_128/name HTTP/1.1
User-Agent: selenium/4.8.3 (java windows)
Cache-Control: no-cache
Content-Type: application/json; charset=utf-8
host: localhost:38318
accept: */*

Response DefaultHttpResponse(decodeResult: success, version: HTTP/1.1)
HTTP/1.1 200 OK
Content-Length: 18
Content-Type: application/json; charset=utf-8
cache-control: no-cache

[DEBUG] Adding key: http://localhost:38318 for channel [id: 0x9fdc9792, L:/127.0.0.1:57991 - R:localhost/127.0.0.1:38318]
[DEBUG] Using pooled Channel '[id: 0x9fdc9792, L:/127.0.0.1:57991 - R:localhost/127.0.0.1:38318]' for 'POST' to 'http://localhost:38318/session/aefe285a60ccb8ebb4d0c5a2f54ef586/element'
[DEBUG] Using open Channel [id: 0x9fdc9792, L:/127.0.0.1:57991 - R:localhost/127.0.0.1:38318] for POST '/session/aefe285a60ccb8ebb4d0c5a2f54ef586/element'
[DEBUG] 

Request DefaultHttpRequest(decodeResult: success, version: HTTP/1.1)
POST /session/aefe285a60ccb8ebb4d0c5a2f54ef586/element HTTP/1.1
User-Agent: selenium/4.8.3 (java windows)
Content-Length: 71
Content-Type: application/json; charset=utf-8
host: localhost:38318
accept: */*

Response DefaultHttpResponse(decodeResult: success, version: HTTP/1.1)
HTTP/1.1 200 OK
Content-Length: 96
Content-Type: application/json; charset=utf-8
cache-control: no-cache

[DEBUG] Adding key: http://localhost:38318 for channel [id: 0x9fdc9792, L:/127.0.0.1:57991 - R:localhost/127.0.0.1:38318]
[DEBUG] Using pooled Channel '[id: 0x9fdc9792, L:/127.0.0.1:57991 - R:localhost/127.0.0.1:38318]' for 'GET' to 'http://localhost:38318/session/aefe285a60ccb8ebb4d0c5a2f54ef586/element/D61EDBBE9BF0A5A4D7454A20955748EE_element_128/attribute/multiple'
[DEBUG] Using open Channel [id: 0x9fdc9792, L:/127.0.0.1:57991 - R:localhost/127.0.0.1:38318] for GET '/session/aefe285a60ccb8ebb4d0c5a2f54ef586/element/D61EDBBE9BF0A5A4D7454A20955748EE_element_128/attribute/multiple'
[DEBUG] 

Request DefaultFullHttpRequest(decodeResult: success, version: HTTP/1.1, content: EmptyByteBufBE)
GET /session/aefe285a60ccb8ebb4d0c5a2f54ef586/element/D61EDBBE9BF0A5A4D7454A20955748EE_element_128/attribute/multiple HTTP/1.1
User-Agent: selenium/4.8.3 (java windows)
Cache-Control: no-cache
Content-Type: application/json; charset=utf-8
host: localhost:38318
accept: */*

Response DefaultHttpResponse(decodeResult: success, version: HTTP/1.1)
HTTP/1.1 200 OK
Content-Length: 14
Content-Type: application/json; charset=utf-8
cache-control: no-cache

[DEBUG] Adding key: http://localhost:38318 for channel [id: 0x9fdc9792, L:/127.0.0.1:57991 - R:localhost/127.0.0.1:38318]
[DEBUG] Using pooled Channel '[id: 0x9fdc9792, L:/127.0.0.1:57991 - R:localhost/127.0.0.1:38318]' for 'POST' to 'http://localhost:38318/session/aefe285a60ccb8ebb4d0c5a2f54ef586/element'
[DEBUG] Using open Channel [id: 0x9fdc9792, L:/127.0.0.1:57991 - R:localhost/127.0.0.1:38318] for POST '/session/aefe285a60ccb8ebb4d0c5a2f54ef586/element'
[DEBUG] 

Request DefaultHttpRequest(decodeResult: success, version: HTTP/1.1)
POST /session/aefe285a60ccb8ebb4d0c5a2f54ef586/element HTTP/1.1
User-Agent: selenium/4.8.3 (java windows)
Content-Length: 71
Content-Type: application/json; charset=utf-8
host: localhost:38318
accept: */*

Response DefaultHttpResponse(decodeResult: success, version: HTTP/1.1)
HTTP/1.1 200 OK
Content-Length: 96
Content-Type: application/json; charset=utf-8
cache-control: no-cache

[DEBUG] Adding key: http://localhost:38318 for channel [id: 0x9fdc9792, L:/127.0.0.1:57991 - R:localhost/127.0.0.1:38318]
[DEBUG] Using pooled Channel '[id: 0x9fdc9792, L:/127.0.0.1:57991 - R:localhost/127.0.0.1:38318]' for 'POST' to 'http://localhost:38318/session/aefe285a60ccb8ebb4d0c5a2f54ef586/element/D61EDBBE9BF0A5A4D7454A20955748EE_element_128/elements'
[DEBUG] Using open Channel [id: 0x9fdc9792, L:/127.0.0.1:57991 - R:localhost/127.0.0.1:38318] for POST '/session/aefe285a60ccb8ebb4d0c5a2f54ef586/element/D61EDBBE9BF0A5A4D7454A20955748EE_element_128/elements'
[DEBUG] 

Request DefaultHttpRequest(decodeResult: success, version: HTTP/1.1)
POST /session/aefe285a60ccb8ebb4d0c5a2f54ef586/element/D61EDBBE9BF0A5A4D7454A20955748EE_element_128/elements HTTP/1.1
User-Agent: selenium/4.8.3 (java windows)
Content-Length: 102
Content-Type: application/json; charset=utf-8
host: localhost:38318
accept: */*

Response DefaultHttpResponse(decodeResult: success, version: HTTP/1.1)
HTTP/1.1 200 OK
Content-Length: 272
Content-Type: application/json; charset=utf-8
cache-control: no-cache

[DEBUG] Adding key: http://localhost:38318 for channel [id: 0x9fdc9792, L:/127.0.0.1:57991 - R:localhost/127.0.0.1:38318]
[DEBUG] Using pooled Channel '[id: 0x9fdc9792, L:/127.0.0.1:57991 - R:localhost/127.0.0.1:38318]' for 'GET' to 'http://localhost:38318/session/aefe285a60ccb8ebb4d0c5a2f54ef586/element/D61EDBBE9BF0A5A4D7454A20955748EE_element_129/text'
[DEBUG] Using open Channel [id: 0x9fdc9792, L:/127.0.0.1:57991 - R:localhost/127.0.0.1:38318] for GET '/session/aefe285a60ccb8ebb4d0c5a2f54ef586/element/D61EDBBE9BF0A5A4D7454A20955748EE_element_129/text'
[DEBUG] 

Request DefaultFullHttpRequest(decodeResult: success, version: HTTP/1.1, content: EmptyByteBufBE)
GET /session/aefe285a60ccb8ebb4d0c5a2f54ef586/element/D61EDBBE9BF0A5A4D7454A20955748EE_element_129/text HTTP/1.1
User-Agent: selenium/4.8.3 (java windows)
Cache-Control: no-cache
Content-Type: application/json; charset=utf-8
host: localhost:38318
accept: */*

Response DefaultHttpResponse(decodeResult: success, version: HTTP/1.1)
HTTP/1.1 200 OK
Content-Length: 24
Content-Type: application/json; charset=utf-8
cache-control: no-cache

[DEBUG] Adding key: http://localhost:38318 for channel [id: 0x9fdc9792, L:/127.0.0.1:57991 - R:localhost/127.0.0.1:38318]
Dropdown option is not available
[DEBUG] Using pooled Channel '[id: 0x9fdc9792, L:/127.0.0.1:57991 - R:localhost/127.0.0.1:38318]' for 'GET' to 'http://localhost:38318/session/aefe285a60ccb8ebb4d0c5a2f54ef586/element/D61EDBBE9BF0A5A4D7454A20955748EE_element_130/text'
[DEBUG] Using open Channel [id: 0x9fdc9792, L:/127.0.0.1:57991 - R:localhost/127.0.0.1:38318] for GET '/session/aefe285a60ccb8ebb4d0c5a2f54ef586/element/D61EDBBE9BF0A5A4D7454A20955748EE_element_130/text'
[DEBUG] 

Request DefaultFullHttpRequest(decodeResult: success, version: HTTP/1.1, content: EmptyByteBufBE)
GET /session/aefe285a60ccb8ebb4d0c5a2f54ef586/element/D61EDBBE9BF0A5A4D7454A20955748EE_element_130/text HTTP/1.1
User-Agent: selenium/4.8.3 (java windows)
Cache-Control: no-cache
Content-Type: application/json; charset=utf-8
host: localhost:38318
accept: */*

Response DefaultHttpResponse(decodeResult: success, version: HTTP/1.1)
HTTP/1.1 200 OK
Content-Length: 20
Content-Type: application/json; charset=utf-8
cache-control: no-cache

[DEBUG] Adding key: http://localhost:38318 for channel [id: 0x9fdc9792, L:/127.0.0.1:57991 - R:localhost/127.0.0.1:38318]
[DEBUG] Using pooled Channel '[id: 0x9fdc9792, L:/127.0.0.1:57991 - R:localhost/127.0.0.1:38318]' for 'POST' to 'http://localhost:38318/session/aefe285a60ccb8ebb4d0c5a2f54ef586/element'
[DEBUG] Using open Channel [id: 0x9fdc9792, L:/127.0.0.1:57991 - R:localhost/127.0.0.1:38318] for POST '/session/aefe285a60ccb8ebb4d0c5a2f54ef586/element'
[DEBUG] 

Request DefaultHttpRequest(decodeResult: success, version: HTTP/1.1)
POST /session/aefe285a60ccb8ebb4d0c5a2f54ef586/element HTTP/1.1
User-Agent: selenium/4.8.3 (java windows)
Content-Length: 71
Content-Type: application/json; charset=utf-8
host: localhost:38318
accept: */*

Response DefaultHttpResponse(decodeResult: success, version: HTTP/1.1)
HTTP/1.1 200 OK
Content-Length: 96
Content-Type: application/json; charset=utf-8
cache-control: no-cache

[DEBUG] Adding key: http://localhost:38318 for channel [id: 0x9fdc9792, L:/127.0.0.1:57991 - R:localhost/127.0.0.1:38318]
[DEBUG] Using pooled Channel '[id: 0x9fdc9792, L:/127.0.0.1:57991 - R:localhost/127.0.0.1:38318]' for 'GET' to 'http://localhost:38318/session/aefe285a60ccb8ebb4d0c5a2f54ef586/element/D61EDBBE9BF0A5A4D7454A20955748EE_element_128/enabled'
[DEBUG] Using open Channel [id: 0x9fdc9792, L:/127.0.0.1:57991 - R:localhost/127.0.0.1:38318] for GET '/session/aefe285a60ccb8ebb4d0c5a2f54ef586/element/D61EDBBE9BF0A5A4D7454A20955748EE_element_128/enabled'
[DEBUG] 

Request DefaultFullHttpRequest(decodeResult: success, version: HTTP/1.1, content: EmptyByteBufBE)
GET /session/aefe285a60ccb8ebb4d0c5a2f54ef586/element/D61EDBBE9BF0A5A4D7454A20955748EE_element_128/enabled HTTP/1.1
User-Agent: selenium/4.8.3 (java windows)
Cache-Control: no-cache
Content-Type: application/json; charset=utf-8
host: localhost:38318
accept: */*

Response DefaultHttpResponse(decodeResult: success, version: HTTP/1.1)
HTTP/1.1 200 OK
Content-Length: 14
Content-Type: application/json; charset=utf-8
cache-control: no-cache

[DEBUG] Adding key: http://localhost:38318 for channel [id: 0x9fdc9792, L:/127.0.0.1:57991 - R:localhost/127.0.0.1:38318]
[DEBUG] Using pooled Channel '[id: 0x9fdc9792, L:/127.0.0.1:57991 - R:localhost/127.0.0.1:38318]' for 'POST' to 'http://localhost:38318/session/aefe285a60ccb8ebb4d0c5a2f54ef586/element'
[DEBUG] Using open Channel [id: 0x9fdc9792, L:/127.0.0.1:57991 - R:localhost/127.0.0.1:38318] for POST '/session/aefe285a60ccb8ebb4d0c5a2f54ef586/element'
[DEBUG] 

Request DefaultHttpRequest(decodeResult: success, version: HTTP/1.1)
POST /session/aefe285a60ccb8ebb4d0c5a2f54ef586/element HTTP/1.1
User-Agent: selenium/4.8.3 (java windows)
Content-Length: 71
Content-Type: application/json; charset=utf-8
host: localhost:38318
accept: */*

Response DefaultHttpResponse(decodeResult: success, version: HTTP/1.1)
HTTP/1.1 200 OK
Content-Length: 96
Content-Type: application/json; charset=utf-8
cache-control: no-cache

[DEBUG] Adding key: http://localhost:38318 for channel [id: 0x9fdc9792, L:/127.0.0.1:57991 - R:localhost/127.0.0.1:38318]
[DEBUG] Using pooled Channel '[id: 0x9fdc9792, L:/127.0.0.1:57991 - R:localhost/127.0.0.1:38318]' for 'POST' to 'http://localhost:38318/session/aefe285a60ccb8ebb4d0c5a2f54ef586/element/D61EDBBE9BF0A5A4D7454A20955748EE_element_128/elements'
[DEBUG] Using open Channel [id: 0x9fdc9792, L:/127.0.0.1:57991 - R:localhost/127.0.0.1:38318] for POST '/session/aefe285a60ccb8ebb4d0c5a2f54ef586/element/D61EDBBE9BF0A5A4D7454A20955748EE_element_128/elements'
[DEBUG] 

Request DefaultHttpRequest(decodeResult: success, version: HTTP/1.1)
POST /session/aefe285a60ccb8ebb4d0c5a2f54ef586/element/D61EDBBE9BF0A5A4D7454A20955748EE_element_128/elements HTTP/1.1
User-Agent: selenium/4.8.3 (java windows)
Content-Length: 147
Content-Type: application/json; charset=utf-8
host: localhost:38318
accept: */*

Response DefaultHttpResponse(decodeResult: success, version: HTTP/1.1)
HTTP/1.1 200 OK
Content-Length: 98
Content-Type: application/json; charset=utf-8
cache-control: no-cache

[DEBUG] Adding key: http://localhost:38318 for channel [id: 0x9fdc9792, L:/127.0.0.1:57991 - R:localhost/127.0.0.1:38318]
[DEBUG] Using pooled Channel '[id: 0x9fdc9792, L:/127.0.0.1:57991 - R:localhost/127.0.0.1:38318]' for 'GET' to 'http://localhost:38318/session/aefe285a60ccb8ebb4d0c5a2f54ef586/element/D61EDBBE9BF0A5A4D7454A20955748EE_element_130/enabled'
[DEBUG] Using open Channel [id: 0x9fdc9792, L:/127.0.0.1:57991 - R:localhost/127.0.0.1:38318] for GET '/session/aefe285a60ccb8ebb4d0c5a2f54ef586/element/D61EDBBE9BF0A5A4D7454A20955748EE_element_130/enabled'
[DEBUG] 

Request DefaultFullHttpRequest(decodeResult: success, version: HTTP/1.1, content: EmptyByteBufBE)
GET /session/aefe285a60ccb8ebb4d0c5a2f54ef586/element/D61EDBBE9BF0A5A4D7454A20955748EE_element_130/enabled HTTP/1.1
User-Agent: selenium/4.8.3 (java windows)
Cache-Control: no-cache
Content-Type: application/json; charset=utf-8
host: localhost:38318
accept: */*

Response DefaultHttpResponse(decodeResult: success, version: HTTP/1.1)
HTTP/1.1 200 OK
Content-Length: 14
Content-Type: application/json; charset=utf-8
cache-control: no-cache

[DEBUG] Adding key: http://localhost:38318 for channel [id: 0x9fdc9792, L:/127.0.0.1:57991 - R:localhost/127.0.0.1:38318]
[DEBUG] Using pooled Channel '[id: 0x9fdc9792, L:/127.0.0.1:57991 - R:localhost/127.0.0.1:38318]' for 'GET' to 'http://localhost:38318/session/aefe285a60ccb8ebb4d0c5a2f54ef586/element/D61EDBBE9BF0A5A4D7454A20955748EE_element_130/selected'
[DEBUG] Using open Channel [id: 0x9fdc9792, L:/127.0.0.1:57991 - R:localhost/127.0.0.1:38318] for GET '/session/aefe285a60ccb8ebb4d0c5a2f54ef586/element/D61EDBBE9BF0A5A4D7454A20955748EE_element_130/selected'
[DEBUG] 

Request DefaultFullHttpRequest(decodeResult: success, version: HTTP/1.1, content: EmptyByteBufBE)
GET /session/aefe285a60ccb8ebb4d0c5a2f54ef586/element/D61EDBBE9BF0A5A4D7454A20955748EE_element_130/selected HTTP/1.1
User-Agent: selenium/4.8.3 (java windows)
Cache-Control: no-cache
Content-Type: application/json; charset=utf-8
host: localhost:38318
accept: */*

Response DefaultHttpResponse(decodeResult: success, version: HTTP/1.1)
HTTP/1.1 200 OK
Content-Length: 15
Content-Type: application/json; charset=utf-8
cache-control: no-cache

[DEBUG] Adding key: http://localhost:38318 for channel [id: 0x9fdc9792, L:/127.0.0.1:57991 - R:localhost/127.0.0.1:38318]
[DEBUG] Using pooled Channel '[id: 0x9fdc9792, L:/127.0.0.1:57991 - R:localhost/127.0.0.1:38318]' for 'POST' to 'http://localhost:38318/session/aefe285a60ccb8ebb4d0c5a2f54ef586/element/D61EDBBE9BF0A5A4D7454A20955748EE_element_130/click'
[DEBUG] Using open Channel [id: 0x9fdc9792, L:/127.0.0.1:57991 - R:localhost/127.0.0.1:38318] for POST '/session/aefe285a60ccb8ebb4d0c5a2f54ef586/element/D61EDBBE9BF0A5A4D7454A20955748EE_element_130/click'
[DEBUG] 

Request DefaultHttpRequest(decodeResult: success, version: HTTP/1.1)
POST /session/aefe285a60ccb8ebb4d0c5a2f54ef586/element/D61EDBBE9BF0A5A4D7454A20955748EE_element_130/click HTTP/1.1
User-Agent: selenium/4.8.3 (java windows)
Content-Length: 58
Content-Type: application/json; charset=utf-8
host: localhost:38318
accept: */*

Response DefaultHttpResponse(decodeResult: success, version: HTTP/1.1)
HTTP/1.1 200 OK
Content-Length: 14
Content-Type: application/json; charset=utf-8
cache-control: no-cache

[DEBUG] Adding key: http://localhost:38318 for channel [id: 0x9fdc9792, L:/127.0.0.1:57991 - R:localhost/127.0.0.1:38318]
[DEBUG] Using pooled Channel '[id: 0x9fdc9792, L:/127.0.0.1:57991 - R:localhost/127.0.0.1:38318]' for 'GET' to 'http://localhost:38318/session/aefe285a60ccb8ebb4d0c5a2f54ef586/element/D61EDBBE9BF0A5A4D7454A20955748EE_element_131/text'
[DEBUG] Using open Channel [id: 0x9fdc9792, L:/127.0.0.1:57991 - R:localhost/127.0.0.1:38318] for GET '/session/aefe285a60ccb8ebb4d0c5a2f54ef586/element/D61EDBBE9BF0A5A4D7454A20955748EE_element_131/text'
[DEBUG] 

Request DefaultFullHttpRequest(decodeResult: success, version: HTTP/1.1, content: EmptyByteBufBE)
GET /session/aefe285a60ccb8ebb4d0c5a2f54ef586/element/D61EDBBE9BF0A5A4D7454A20955748EE_element_131/text HTTP/1.1
User-Agent: selenium/4.8.3 (java windows)
Cache-Control: no-cache
Content-Type: application/json; charset=utf-8
host: localhost:38318
accept: */*

Response DefaultHttpResponse(decodeResult: success, version: HTTP/1.1)
HTTP/1.1 200 OK
Content-Length: 20
Content-Type: application/json; charset=utf-8
cache-control: no-cache

[DEBUG] Adding key: http://localhost:38318 for channel [id: 0x9fdc9792, L:/127.0.0.1:57991 - R:localhost/127.0.0.1:38318]
Dropdown option is not available
[DEBUG] Using pooled Channel '[id: 0x9fdc9792, L:/127.0.0.1:57991 - R:localhost/127.0.0.1:38318]' for 'POST' to 'http://localhost:38318/session/aefe285a60ccb8ebb4d0c5a2f54ef586/element'
[DEBUG] Using open Channel [id: 0x9fdc9792, L:/127.0.0.1:57991 - R:localhost/127.0.0.1:38318] for POST '/session/aefe285a60ccb8ebb4d0c5a2f54ef586/element'
[DEBUG] 

Request DefaultHttpRequest(decodeResult: success, version: HTTP/1.1)
[...]
no such window: target window already closed
from unknown error: web view not found
  (Session info: chrome=114.0.5735.110)
Build info: version: '4.8.3', revision: 'e5e76298c3'
System info: os.name: 'Windows 11', os.arch: 'amd64', os.version: '10.0', java.version: '17.0.7'
Driver info: org.openqa.selenium.chrome.ChromeDriver
Command: [15eb836ffb08c2c577ec91d87c521119, getTitle {}]
Capabilities {acceptInsecureCerts: false, browserName: chrome, browserVersion: 114.0.5735.110, chrome: {chromedriverVersion: 114.0.5735.90 (386bc09e8f4f..., userDataDir: C:\Users\ABHINAV\AppData\Lo...}, goog:chromeOptions: {debuggerAddress: localhost:58231}, networkConnectionEnabled: false, pageLoadStrategy: normal, platformName: WINDOWS, proxy: Proxy(), se:cdp: ws://localhost:58231/devtoo..., se:cdpVersion: 114.0.5735.110, setWindowRect: true, strictFileInteractability: false, timeouts: {implicit: 0, pageLoad: 300000, script: 30000}, unhandledPromptBehavior: dismiss and notify, webauthn:extension:credBlob: true, webauthn:extension:largeBlob: true, webauthn:extension:minPinLength: true, webauthn:extension:prf: true, webauthn:virtualAuthenticators: true}
Session ID: 15eb836ffb08c2c577ec91d87c521119
</failure>
    <system-out><![CDATA[
Scenario: check for login page                                   &amp#27;[90m# Feature/Login.feature:20&amp#27;[0m
[DEBUG] Channel Closed: [id: 0x0ca5daa1, L:/127.0.0.1:58216 ! R:localhost/127.0.0.1:58210] with attribute DISCARD
[DEBUG] Channel Closed: [id: 0x78e1d90a, L:/127.0.0.1:58217 ! R:localhost/127.0.0.1:58210] with attribute NettyResponseFuture{currentRetry=0,
	isDone=1,
	isCancelled=0,
	asyncHandler=org.asynchttpclient.ws.WebSocketUpgradeHandler@66c0d28a,
	nettyRequest=org.asynchttpclient.netty.request.NettyRequest@23c24036,
	future=java.util.concurrent.CompletableFuture@a9ccadd[Completed normally],
	uri=ws://localhost:58210/devtools/browser/a8d29082-b37e-4bd9-bb85-73f9f0d6da68,
	keepAlive=true,
	redirectCount=0,
	timeoutsHolder=null,
	inAuth=0,
	touch=1686681464730}
[DEBUG] Closing Channel [id: 0x78e1d90a, L:/127.0.0.1:58217 ! R:localhost/127.0.0.1:58210] 
[DEBUG] Resolution chrome=114 in cache (valid until 00:14:31 14/06/2023 IST)
[DEBUG] Resolution chrome114=114.0.5735.90 in cache (valid until 22:13:20 14/06/2023 IST)
[INFO] Using chromedriver 114.0.5735.90 (resolved driver for Chrome 114)
[DEBUG] Driver chromedriver 114.0.5735.90 found in cache
[INFO] Exporting webdriver.chrome.driver as C:\Users\ABHINAV\.cache\selenium\chromedriver\win32\114.0.5735.90\chromedriver.exe
[DEBUG] Using new Channel '[id: 0x1d5e0360, L:/127.0.0.1:58230 - R:localhost/127.0.0.1:8810]' for 'POST' to '/session'
[DEBUG] Entry count for : http://localhost:8849 : 1
[DEBUG] Entry count for : http://localhost:2611 : 1
[DEBUG] Entry count for : http://localhost:58210 : 1
[DEBUG] Entry count for : http://localhost:48320 : 1
[DEBUG] Adding Candidate expired Channel [id: 0x0ca5daa1, L:/127.0.0.1:58216 ! R:localhost/127.0.0.1:58210] isIdleTimeoutExpired=false isRemotelyClosed=true isTtlExpired=false
[DEBUG] Closing Idle Channel [id: 0x0ca5daa1, L:/127.0.0.1:58216 ! R:localhost/127.0.0.1:58210]
[DEBUG] Closed 1 connections out of 4 in 0 ms
[DEBUG] 

Request DefaultHttpRequest(decodeResult: success, version: HTTP/1.1)
POST /session HTTP/1.1
User-Agent: selenium/4.8.3 (java windows)
Content-Length: 439
Content-Type: application/json; charset=utf-8
host: localhost:8810
accept: */*

Response DefaultHttpResponse(decodeResult: success, version: HTTP/1.1)
HTTP/1.1 200 OK
Content-Length: 863
Content-Type: application/json; charset=utf-8
cache-control: no-cache

[DEBUG] Adding key: http://localhost:8810 for channel [id: 0x1d5e0360, L:/127.0.0.1:58230 - R:localhost/127.0.0.1:8810]
[DEBUG] Using new Channel '[id: 0x8e0de5dc, L:/127.0.0.1:58236 - R:localhost/127.0.0.1:58231]' for 'GET' to '/json/version'
[DEBUG] 

Request DefaultFullHttpRequest(decodeResult: success, version: HTTP/1.1, content: EmptyByteBufBE)
GET /json/version HTTP/1.1
User-Agent: selenium/4.8.3 (java windows)
host: localhost:58231
accept: */*

Response DefaultHttpResponse(decodeResult: success, version: HTTP/1.1)
HTTP/1.1 200 OK
Content-Security-Policy: frame-ancestors 'none'
Content-Length: 424
Content-Type: application/json; charset=UTF-8

[DEBUG] Adding key: http://localhost:58231 for channel [id: 0x8e0de5dc, L:/127.0.0.1:58236 - R:localhost/127.0.0.1:58231]
[DEBUG] Using new Channel '[id: 0x3d5f4c50, L:/127.0.0.1:58237 - R:localhost/127.0.0.1:58231]' for 'GET' to '/devtools/browser/95fac6be-181f-4a15-9878-2bf63f924f05'
[DEBUG] 

Request DefaultFullHttpRequest(decodeResult: success, version: HTTP/1.1, content: EmptyByteBufBE)
GET /devtools/browser/95fac6be-181f-4a15-9878-2bf63f924f05 HTTP/1.1
upgrade: websocket
connection: upgrade
sec-websocket-key: 4nT9sU/6q1gQ4kDcH4jlSQ==
sec-websocket-version: 13
origin: http://localhost:58231
host: localhost:58231
accept: */*
user-agent: AHC/2.1

Response DefaultHttpResponse(decodeResult: success, version: HTTP/1.1)
HTTP/1.1 101 WebSocket Protocol Handshake
Upgrade: WebSocket
Connection: Upgrade
Sec-WebSocket-Accept: pW4lQ4Q8+y6zXRUv5RXr2prQmEA=

[DEBUG] Using pooled Channel '[id: 0x1d5e0360, L:/127.0.0.1:58230 - R:localhost/127.0.0.1:8810]' for 'DELETE' to 'http://localhost:8810/session/15eb836ffb08c2c577ec91d87c521119/cookie'
[DEBUG] Using open Channel [id: 0x1d5e0360, L:/127.0.0.1:58230 - R:localhost/127.0.0.1:8810] for DELETE '/session/15eb836ffb08c2c577ec91d87c521119/cookie'
[DEBUG] 

Request DefaultFullHttpRequest(decodeResult: success, version: HTTP/1.1, content: EmptyByteBufBE)
DELETE /session/15eb836ffb08c2c577ec91d87c521119/cookie HTTP/1.1
User-Agent: selenium/4.8.3 (java windows)
Content-Type: application/json; charset=utf-8
host: localhost:8810
accept: */*

Response DefaultHttpResponse(decodeResult: success, version: HTTP/1.1)
HTTP/1.1 200 OK
Content-Length: 14
Content-Type: application/json; charset=utf-8
cache-control: no-cache

[DEBUG] Adding key: http://localhost:8810 for channel [id: 0x1d5e0360, L:/127.0.0.1:58230 - R:localhost/127.0.0.1:8810]
[DEBUG] Using pooled Channel '[id: 0x1d5e0360, L:/127.0.0.1:58230 - R:localhost/127.0.0.1:8810]' for 'POST' to 'http://localhost:8810/session/15eb836ffb08c2c577ec91d87c521119/window/maximize'
[DEBUG] Using open Channel [id: 0x1d5e0360, L:/127.0.0.1:58230 - R:localhost/127.0.0.1:8810] for POST '/session/15eb836ffb08c2c577ec91d87c521119/window/maximize'
[DEBUG] 

Request DefaultHttpRequest(decodeResult: success, version: HTTP/1.1)
POST /session/15eb836ffb08c2c577ec91d87c521119/window/maximize HTTP/1.1
User-Agent: selenium/4.8.3 (java windows)
Content-Length: 3
Content-Type: application/json; charset=utf-8
host: localhost:8810
accept: */*

Response DefaultHttpResponse(decodeResult: success, version: HTTP/1.1)
HTTP/1.1 200 OK
Content-Length: 51
Content-Type: application/json; charset=utf-8
cache-control: no-cache

[DEBUG] Adding key: http://localhost:8810 for channel [id: 0x1d5e0360, L:/127.0.0.1:58230 - R:localhost/127.0.0.1:8810]
[DEBUG] Using pooled Channel '[id: 0x1d5e0360, L:/127.0.0.1:58230 - R:localhost/127.0.0.1:8810]' for 'POST' to 'http://localhost:8810/session/15eb836ffb08c2c577ec91d87c521119/timeouts'
[DEBUG] Using open Channel [id: 0x1d5e0360, L:/127.0.0.1:58230 - R:localhost/127.0.0.1:8810] for POST '/session/15eb836ffb08c2c577ec91d87c521119/timeouts'
[DEBUG] 

Request DefaultHttpRequest(decodeResult: success, version: HTTP/1.1)
POST /session/15eb836ffb08c2c577ec91d87c521119/timeouts HTTP/1.1
User-Agent: selenium/4.8.3 (java windows)
Content-Length: 23
Content-Type: application/json; charset=utf-8
host: localhost:8810
accept: */*

Response DefaultHttpResponse(decodeResult: success, version: HTTP/1.1)
HTTP/1.1 200 OK
Content-Length: 14
Content-Type: application/json; charset=utf-8
cache-control: no-cache

[DEBUG] Adding key: http://localhost:8810 for channel [id: 0x1d5e0360, L:/127.0.0.1:58230 - R:localhost/127.0.0.1:8810]
  &amp#27;[32mGiven &amp#27;[0m&amp#27;[32mUser launch chrome browser&amp#27;[0m                               &amp#27;[90m# stepDefinition.Login.user_launch_chrome_browser()&amp#27;[0m
[DEBUG] Using pooled Channel '[id: 0x1d5e0360, L:/127.0.0.1:58230 - R:localhost/127.0.0.1:8810]' for 'POST' to 'http://localhost:8810/session/15eb836ffb08c2c577ec91d87c521119/url'
[DEBUG] Using open Channel [id: 0x1d5e0360, L:/127.0.0.1:58230 - R:localhost/127.0.0.1:8810] for POST '/session/15eb836ffb08c2c577ec91d87c521119/url'
[DEBUG] Entry count for : http://localhost:8849 : 1
[DEBUG] Entry count for : http://localhost:2611 : 1
[DEBUG] Entry count for : http://localhost:58231 : 1
[DEBUG] Entry count for : http://localhost:48320 : 1
[DEBUG] Entry count for : http://localhost:8849 : 1
[DEBUG] Entry count for : http://localhost:2611 : 1
[DEBUG] Entry count for : http://localhost:58231 : 1
[DEBUG] Entry count for : http://localhost:48320 : 1
[DEBUG] 

Request DefaultHttpRequest(decodeResult: success, version: HTTP/1.1)
POST /session/15eb836ffb08c2c577ec91d87c521119/url HTTP/1.1
User-Agent: selenium/4.8.3 (java windows)
Content-Length: 70
Content-Type: application/json; charset=utf-8
host: localhost:8810
accept: */*

Response DefaultHttpResponse(decodeResult: success, version: HTTP/1.1)
HTTP/1.1 200 OK
Content-Length: 14
Content-Type: application/json; charset=utf-8
cache-control: no-cache

[DEBUG] Adding key: http://localhost:8810 for channel [id: 0x1d5e0360, L:/127.0.0.1:58230 - R:localhost/127.0.0.1:8810]
[DEBUG] Using pooled Channel '[id: 0x1d5e0360, L:/127.0.0.1:58230 - R:localhost/127.0.0.1:8810]' for 'GET' to 'http://localhost:8810/session/15eb836ffb08c2c577ec91d87c521119/title'
[DEBUG] Using open Channel [id: 0x1d5e0360, L:/127.0.0.1:58230 - R:localhost/127.0.0.1:8810] for GET '/session/15eb836ffb08c2c577ec91d87c521119/title'
[DEBUG] 

Request DefaultFullHttpRequest(decodeResult: success, version: HTTP/1.1, content: EmptyByteBufBE)
GET /session/15eb836ffb08c2c577ec91d87c521119/title HTTP/1.1
User-Agent: selenium/4.8.3 (java windows)
Cache-Control: no-cache
Content-Type: application/json; charset=utf-8
host: localhost:8810
accept: */*

Response DefaultHttpResponse(decodeResult: success, version: HTTP/1.1)
HTTP/1.1 404 Not Found
Content-Length: 865
Content-Type: application/json; charset=utf-8
cache-control: no-cache

[DEBUG] Adding key: http://localhost:8810 for channel [id: 0x1d5e0360, L:/127.0.0.1:58230 - R:localhost/127.0.0.1:8810]
  &amp#27;[31mWhen &amp#27;[0m&amp#27;[31mUser opens URL &amp#27;[0m&amp#27;[31m&amp#27;[1m"https://admin-demo.nopcommerce.com/login"&amp#27;[0m &amp#27;[90m# stepDefinition.Login.user_opens_url(java.lang.String)&amp#27;[0m
      &amp#27;[31morg.openqa.selenium.NoSuchWindowException: no such window: target window already closed
from unknown error: web view not found
  (Session info: chrome=114.0.5735.110)
Build info: version: '4.8.3', revision: 'e5e76298c3'
System info: os.name: 'Windows 11', os.arch: 'amd64', os.version: '10.0', java.version: '17.0.7'
Driver info: org.openqa.selenium.chrome.ChromeDriver
Command: [15eb836ffb08c2c577ec91d87c521119, getTitle {}]
Capabilities {acceptInsecureCerts: false, browserName: chrome, browserVersion: 114.0.5735.110, chrome: {chromedriverVersion: 114.0.5735.90 (386bc09e8f4f..., userDataDir: C:\Users\ABHINAV\AppData\Lo...}, goog:chromeOptions: {debuggerAddress: localhost:58231}, networkConnectionEnabled: false, pageLoadStrategy: normal, platformName: WINDOWS, proxy: Proxy(), se:cdp: ws://localhost:58231/devtoo..., se:cdpVersion: 114.0.5735.110, setWindowRect: true, strictFileInteractability: false, timeouts: {implicit: 0, pageLoad: 300000, script: 30000}, unhandledPromptBehavior: dismiss and notify, webauthn:extension:credBlob: true, webauthn:extension:largeBlob: true, webauthn:extension:minPinLength: true, webauthn:extension:prf: true, webauthn:virtualAuthenticators: true}
Session ID: 15eb836ffb08c2c577ec91d87c521119
	at java.base/jdk.internal.reflect.NativeConstructorAccessorImpl.newInstance0(Native Method)
	at java.base/jdk.internal.reflect.NativeConstructorAccessorImpl.newInstance(NativeConstructorAccessorImpl.java:77)
	at java.base/jdk.internal.reflect.DelegatingConstructorAccessorImpl.newInstance(DelegatingConstructorAccessorImpl.java:45)
	at java.base/java.lang.reflect.Constructor.newInstanceWithCaller(Constructor.java:499)
	at java.base/java.lang.reflect.Constructor.newInstance(Constructor.java:480)
	at org.openqa.selenium.remote.codec.w3c.W3CHttpResponseCodec.createException(W3CHttpResponseCodec.java:200)
	at org.openqa.selenium.remote.codec.w3c.W3CHttpResponseCodec.decode(W3CHttpResponseCodec.java:133)
	at org.openqa.selenium.remote.codec.w3c.W3CHttpResponseCodec.decode(W3CHttpResponseCodec.java:53)
	at org.openqa.selenium.remote.HttpCommandExecutor.execute(HttpCommandExecutor.java:193)
	at org.openqa.selenium.remote.service.DriverCommandExecutor.invokeExecute(DriverCommandExecutor.java:183)
	at org.openqa.selenium.remote.service.DriverCommandExecutor.execute(DriverCommandExecutor.java:158)
	at org.openqa.selenium.remote.RemoteWebDriver.execute(RemoteWebDriver.java:543)
	at org.openqa.selenium.remote.RemoteWebDriver.execute(RemoteWebDriver.java:598)
	at org.openqa.selenium.remote.RemoteWebDriver.execute(RemoteWebDriver.java:602)
	at org.openqa.selenium.remote.RemoteWebDriver.getTitle(RemoteWebDriver.java:302)
	at stepDefinition.Login.user_opens_url(Login.java:61)
	at âœ½.User opens URL "https://admin-demo.nopcommerce.com/login"(file:///D:/Selenium%20project/Selenium_Tutorial_2023/Selenium_Practice_2024/Feature/Login.feature:22)
&amp#27;[0m
  &amp#27;[36mThen &amp#27;[0m&amp#27;[36mCheck for welcome message &amp#27;[0m&amp#27;[36m&amp#27;[1m"Welcome, please sign in!"&amp#27;[0m      &amp#27;[90m# stepDefinition.Login.check_for_welcome_message(java.lang.String)&amp#27;[0m
  &amp#27;[36mThen &amp#27;[0m&amp#27;[36mUser close the browser&amp#27;[0m                                    &amp#27;[90m# stepDefinition.Login.user_close_the_browser()&amp#27;[0m
[DEBUG] Using pooled Channel '[id: 0x1d5e0360, L:/127.0.0.1:58230 - R:localhost/127.0.0.1:8810]' for 'DELETE' to 'http://localhost:8810/session/15eb836ffb08c2c577ec91d87c521119/window'
[DEBUG] Using open Channel [id: 0x1d5e0360, L:/127.0.0.1:58230 - R:localhost/127.0.0.1:8810] for DELETE '/session/15eb836ffb08c2c577ec91d87c521119/window'
[DEBUG] 

Request DefaultFullHttpRequest(decodeResult: success, version: HTTP/1.1, content: EmptyByteBufBE)
DELETE /session/15eb836ffb08c2c577ec91d87c521119/window HTTP/1.1
User-Agent: selenium/4.8.3 (java windows)
Content-Type: application/json; charset=utf-8
host: localhost:8810
accept: */*

Response DefaultHttpResponse(decodeResult: success, version: HTTP/1.1)
HTTP/1.1 404 Not Found
Content-Length: 865
Content-Type: application/json; charset=utf-8
cache-control: no-cache

[DEBUG] Adding key: http://localhost:8810 for channel [id: 0x1d5e0360, L:/127.0.0.1:58230 - R:localhost/127.0.0.1:8810]
[DEBUG] Channel Closed: [id: 0x8e0de5dc, L:/127.0.0.1:58236 ! R:localhost/127.0.0.1:58231] with attribute DISCARD
[DEBUG] Channel Closed: [id: 0x3d5f4c50, L:/127.0.0.1:58237 ! R:localhost/127.0.0.1:58231] with attribute NettyResponseFuture{currentRetry=0,
	isDone=1,
	isCancelled=0,
	asyncHandler=org.asynchttpclient.ws.WebSocketUpgradeHandler@1422166f,
	nettyRequest=org.asynchttpclient.netty.request.NettyRequest@f751119,
	future=java.util.concurrent.CompletableFuture@2020a590[Completed normally],
	uri=ws://localhost:58231/devtools/browser/95fac6be-181f-4a15-9878-2bf63f924f05,
	keepAlive=true,
	redirectCount=0,
	timeoutsHolder=null,
	inAuth=0,
	touch=1686681467258}
[DEBUG] Closing Channel [id: 0x3d5f4c50, L:/127.0.0.1:58237 ! R:localhost/127.0.0.1:58231] 
      &amp#27;[31morg.openqa.selenium.NoSuchWindowException: no such window: target window already closed
from unknown error: web view not found
  (Session info: chrome=114.0.5735.110)
Build info: version: '4.8.3', revision: 'e5e76298c3'
System info: os.name: 'Windows 11', os.arch: 'amd64', os.version: '10.0', java.version: '17.0.7'
Driver info: org.openqa.selenium.chrome.ChromeDriver
Command: [15eb836ffb08c2c577ec91d87c521119, close {}]
Capabilities {acceptInsecureCerts: false, browserName: chrome, browserVersion: 114.0.5735.110, chrome: {chromedriverVersion: 114.0.5735.90 (386bc09e8f4f..., userDataDir: C:\Users\ABHINAV\AppData\Lo...}, goog:chromeOptions: {debuggerAddress: localhost:58231}, networkConnectionEnabled: false, pageLoadStrategy: normal, platformName: WINDOWS, proxy: Proxy(), se:cdp: ws://localhost:58231/devtoo..., se:cdpVersion: 114.0.5735.110, setWindowRect: true, strictFileInteractability: false, timeouts: {implicit: 0, pageLoad: 300000, script: 30000}, unhandledPromptBehavior: dismiss and notify, webauthn:extension:credBlob: true, webauthn:extension:largeBlob: true, webauthn:extension:minPinLength: true, webauthn:extension:prf: true, webauthn:virtualAuthenticators: true}
Session ID: 15eb836ffb08c2c577ec91d87c521119
	at java.base/jdk.internal.reflect.NativeConstructorAccessorImpl.newInstance0(Native Method)
	at java.base/jdk.internal.reflect.NativeConstructorAccessorImpl.newInstance(NativeConstructorAccessorImpl.java:77)
	at java.base/jdk.internal.reflect.DelegatingConstructorAccessorImpl.newInstance(DelegatingConstructorAccessorImpl.java:45)
	at java.base/java.lang.reflect.Constructor.newInstanceWithCaller(Constructor.java:499)
	at java.base/java.lang.reflect.Constructor.newInstance(Constructor.java:480)
	at org.openqa.selenium.remote.codec.w3c.W3CHttpResponseCodec.createException(W3CHttpResponseCodec.java:200)
	at org.openqa.selenium.remote.codec.w3c.W3CHttpResponseCodec.decode(W3CHttpResponseCodec.java:133)
	at org.openqa.selenium.remote.codec.w3c.W3CHttpResponseCodec.decode(W3CHttpResponseCodec.java:53)
	at org.openqa.selenium.remote.HttpCommandExecutor.execute(HttpCommandExecutor.java:193)
	at org.openqa.selenium.remote.service.DriverCommandExecutor.invokeExecute(DriverCommandExecutor.java:183)
	at org.openqa.selenium.remote.service.DriverCommandExecutor.execute(DriverCommandExecutor.java:158)
	at org.openqa.selenium.remote.RemoteWebDriver.execute(RemoteWebDriver.java:543)
	at org.openqa.selenium.remote.RemoteWebDriver.execute(RemoteWebDriver.java:598)
	at org.openqa.selenium.remote.RemoteWebDriver.execute(RemoteWebDriver.java:602)
	at org.openqa.selenium.remote.RemoteWebDriver.close(RemoteWebDriver.java:419)
	at stepDefinition.Login.tearDown(Login.java:44)
&amp#27;[0m
]]></system-out>
    <system-err><![CDATA[Starting ChromeDriver 114.0.5735.90 (386bc09e8f4f2e025eddae123f36f6263096ae49-refs/branch-heads/5735@{#1052}) on port 8810
Only local connections are allowed.
Please see https://chromedriver.chromium.org/security-considerations for suggestions on keeping ChromeDriver safe.
ChromeDriver was started successfully.
Jun 14, 2023 12:07:47 AM org.openqa.selenium.devtools.CdpVersionFinder findNearestMatch
WARNING: Unable to find an exact match for CDP version 114, so returning the closest version found: 111
]]></system-err>
  </testcase>
</testsuite>